2012-07-11 16:06:06,126 INFO org.apache.hadoop.hdfs.server.namenode.NameNode: STARTUP_MSG: 
/************************************************************
STARTUP_MSG: Starting NameNode
STARTUP_MSG:   host = rescue01/192.168.1.11
STARTUP_MSG:   args = []
STARTUP_MSG:   version = 1.0.3
STARTUP_MSG:   build = https://svn.apache.org/repos/asf/hadoop/common/branches/branch-1.0 -r 1335192; compiled by 'hortonfo' on Tue May  8 20:31:25 UTC 2012
************************************************************/
2012-07-11 16:06:06,320 INFO org.apache.hadoop.metrics2.impl.MetricsConfig: loaded properties from hadoop-metrics2.properties
2012-07-11 16:06:06,345 INFO org.apache.hadoop.metrics2.impl.MetricsSourceAdapter: MBean for source MetricsSystem,sub=Stats registered.
2012-07-11 16:06:06,346 INFO org.apache.hadoop.metrics2.impl.MetricsSystemImpl: Scheduled snapshot period at 10 second(s).
2012-07-11 16:06:06,346 INFO org.apache.hadoop.metrics2.impl.MetricsSystemImpl: NameNode metrics system started
2012-07-11 16:06:06,565 INFO org.apache.hadoop.metrics2.impl.MetricsSourceAdapter: MBean for source ugi registered.
2012-07-11 16:06:06,583 INFO org.apache.hadoop.metrics2.impl.MetricsSourceAdapter: MBean for source jvm registered.
2012-07-11 16:06:06,584 INFO org.apache.hadoop.metrics2.impl.MetricsSourceAdapter: MBean for source NameNode registered.
2012-07-11 16:06:06,596 INFO org.apache.hadoop.hdfs.util.GSet: VM type       = 64-bit
2012-07-11 16:06:06,596 INFO org.apache.hadoop.hdfs.util.GSet: 2% max memory = 17.77875 MB
2012-07-11 16:06:06,596 INFO org.apache.hadoop.hdfs.util.GSet: capacity      = 2^21 = 2097152 entries
2012-07-11 16:06:06,596 INFO org.apache.hadoop.hdfs.util.GSet: recommended=2097152, actual=2097152
2012-07-11 16:06:06,652 INFO org.apache.hadoop.hdfs.server.namenode.FSNamesystem: fsOwner=rescue01
2012-07-11 16:06:06,652 INFO org.apache.hadoop.hdfs.server.namenode.FSNamesystem: supergroup=supergroup
2012-07-11 16:06:06,652 INFO org.apache.hadoop.hdfs.server.namenode.FSNamesystem: isPermissionEnabled=false
2012-07-11 16:06:06,655 INFO org.apache.hadoop.hdfs.server.namenode.FSNamesystem: dfs.block.invalidate.limit=100
2012-07-11 16:06:06,655 INFO org.apache.hadoop.hdfs.server.namenode.FSNamesystem: isAccessTokenEnabled=false accessKeyUpdateInterval=0 min(s), accessTokenLifetime=0 min(s)
2012-07-11 16:06:06,690 INFO org.apache.hadoop.hdfs.server.namenode.FSNamesystem: Registered FSNamesystemStateMBean and NameNodeMXBean
2012-07-11 16:06:06,703 INFO org.apache.hadoop.hdfs.server.namenode.NameNode: Caching file names occuring more than 10 times 
2012-07-11 16:06:06,759 INFO org.apache.hadoop.hdfs.server.common.Storage: Number of files = 12
2012-07-11 16:06:06,764 INFO org.apache.hadoop.hdfs.server.common.Storage: Number of files under construction = 0
2012-07-11 16:06:06,764 INFO org.apache.hadoop.hdfs.server.common.Storage: Image file of size 1318 loaded in 0 seconds.
2012-07-11 16:06:06,776 INFO org.apache.hadoop.hdfs.server.common.Storage: Edits file /opt/hadoop-datastore/hadoop-rescue01/dfs/name/current/edits of size 4 edits # 0 loaded in 0 seconds.
2012-07-11 16:06:06,790 INFO org.apache.hadoop.hdfs.server.common.Storage: Image file of size 1318 saved in 0 seconds.
2012-07-11 16:06:07,132 INFO org.apache.hadoop.hdfs.server.common.Storage: Image file of size 1318 saved in 0 seconds.
2012-07-11 16:06:07,417 INFO org.apache.hadoop.hdfs.server.namenode.NameCache: initialized with 0 entries 0 lookups
2012-07-11 16:06:07,417 INFO org.apache.hadoop.hdfs.server.namenode.FSNamesystem: Finished loading FSImage in 809 msecs
2012-07-11 16:06:07,420 INFO org.apache.hadoop.hdfs.StateChange: STATE* Safe mode ON. 
The ratio of reported blocks 0.0000 has not reached the threshold 0.9990. Safe mode will be turned off automatically.
2012-07-11 16:06:07,424 INFO org.apache.hadoop.util.HostsFileReader: Refreshing hosts (include/exclude) list
2012-07-11 16:06:07,427 INFO org.apache.hadoop.metrics2.impl.MetricsSourceAdapter: MBean for source FSNamesystemMetrics registered.
2012-07-11 16:06:07,469 INFO org.apache.hadoop.ipc.Server: Starting SocketReader
2012-07-11 16:06:07,471 INFO org.apache.hadoop.metrics2.impl.MetricsSourceAdapter: MBean for source RpcDetailedActivityForPort9999 registered.
2012-07-11 16:06:07,471 INFO org.apache.hadoop.metrics2.impl.MetricsSourceAdapter: MBean for source RpcActivityForPort9999 registered.
2012-07-11 16:06:07,475 INFO org.apache.hadoop.hdfs.server.namenode.NameNode: Namenode up at: rescue01/192.168.1.11:9999
2012-07-11 16:06:07,778 INFO org.mortbay.log: Logging to org.slf4j.impl.Log4jLoggerAdapter(org.mortbay.log) via org.mortbay.log.Slf4jLog
2012-07-11 16:06:07,830 INFO org.apache.hadoop.http.HttpServer: Added global filtersafety (class=org.apache.hadoop.http.HttpServer$QuotingInputFilter)
2012-07-11 16:06:07,836 INFO org.apache.hadoop.http.HttpServer: dfs.webhdfs.enabled = false
2012-07-11 16:06:07,840 INFO org.apache.hadoop.http.HttpServer: Port returned by webServer.getConnectors()[0].getLocalPort() before open() is -1. Opening the listener on 50070
2012-07-11 16:06:07,841 INFO org.apache.hadoop.http.HttpServer: listener.getLocalPort() returned 50070 webServer.getConnectors()[0].getLocalPort() returned 50070
2012-07-11 16:06:07,841 INFO org.apache.hadoop.http.HttpServer: Jetty bound to port 50070
2012-07-11 16:06:07,841 INFO org.mortbay.log: jetty-6.1.26
2012-07-11 16:06:08,116 INFO org.mortbay.log: Started SelectChannelConnector@0.0.0.0:50070
2012-07-11 16:06:08,117 INFO org.apache.hadoop.hdfs.server.namenode.NameNode: Web-server up at: 0.0.0.0:50070
2012-07-11 16:06:08,117 INFO org.apache.hadoop.ipc.Server: IPC Server Responder: starting
2012-07-11 16:06:08,117 INFO org.apache.hadoop.ipc.Server: IPC Server listener on 9999: starting
2012-07-11 16:06:08,117 INFO org.apache.hadoop.ipc.Server: IPC Server handler 0 on 9999: starting
2012-07-11 16:06:08,118 INFO org.apache.hadoop.ipc.Server: IPC Server handler 1 on 9999: starting
2012-07-11 16:06:08,118 INFO org.apache.hadoop.ipc.Server: IPC Server handler 2 on 9999: starting
2012-07-11 16:06:08,118 INFO org.apache.hadoop.ipc.Server: IPC Server handler 3 on 9999: starting
2012-07-11 16:06:08,118 INFO org.apache.hadoop.ipc.Server: IPC Server handler 4 on 9999: starting
2012-07-11 16:06:08,118 INFO org.apache.hadoop.ipc.Server: IPC Server handler 5 on 9999: starting
2012-07-11 16:06:08,118 INFO org.apache.hadoop.ipc.Server: IPC Server handler 6 on 9999: starting
2012-07-11 16:06:08,118 INFO org.apache.hadoop.ipc.Server: IPC Server handler 7 on 9999: starting
2012-07-11 16:06:08,118 INFO org.apache.hadoop.ipc.Server: IPC Server handler 8 on 9999: starting
2012-07-11 16:06:08,118 INFO org.apache.hadoop.ipc.Server: IPC Server handler 9 on 9999: starting
2012-07-11 16:06:13,680 ERROR org.apache.hadoop.security.UserGroupInformation: PriviledgedActionException as:rescue01 cause:org.apache.hadoop.hdfs.server.namenode.SafeModeException: Cannot delete /opt/hadoop-datastore/hadoop-rescue01/mapred/system. Name node is in safe mode.
The ratio of reported blocks 0.0000 has not reached the threshold 0.9990. Safe mode will be turned off automatically.
2012-07-11 16:06:13,681 INFO org.apache.hadoop.ipc.Server: IPC Server handler 1 on 9999, call delete(/opt/hadoop-datastore/hadoop-rescue01/mapred/system, true) from 192.168.1.11:46237: error: org.apache.hadoop.hdfs.server.namenode.SafeModeException: Cannot delete /opt/hadoop-datastore/hadoop-rescue01/mapred/system. Name node is in safe mode.
The ratio of reported blocks 0.0000 has not reached the threshold 0.9990. Safe mode will be turned off automatically.
org.apache.hadoop.hdfs.server.namenode.SafeModeException: Cannot delete /opt/hadoop-datastore/hadoop-rescue01/mapred/system. Name node is in safe mode.
The ratio of reported blocks 0.0000 has not reached the threshold 0.9990. Safe mode will be turned off automatically.
	at org.apache.hadoop.hdfs.server.namenode.FSNamesystem.deleteInternal(FSNamesystem.java:1994)
	at org.apache.hadoop.hdfs.server.namenode.FSNamesystem.delete(FSNamesystem.java:1974)
	at org.apache.hadoop.hdfs.server.namenode.NameNode.delete(NameNode.java:792)
	at sun.reflect.NativeMethodAccessorImpl.invoke0(Native Method)
	at sun.reflect.NativeMethodAccessorImpl.invoke(NativeMethodAccessorImpl.java:57)
	at sun.reflect.DelegatingMethodAccessorImpl.invoke(DelegatingMethodAccessorImpl.java:43)
	at java.lang.reflect.Method.invoke(Method.java:601)
	at org.apache.hadoop.ipc.RPC$Server.call(RPC.java:563)
	at org.apache.hadoop.ipc.Server$Handler$1.run(Server.java:1388)
	at org.apache.hadoop.ipc.Server$Handler$1.run(Server.java:1384)
	at java.security.AccessController.doPrivileged(Native Method)
	at javax.security.auth.Subject.doAs(Subject.java:415)
	at org.apache.hadoop.security.UserGroupInformation.doAs(UserGroupInformation.java:1121)
	at org.apache.hadoop.ipc.Server$Handler.run(Server.java:1382)
2012-07-11 16:06:18,839 INFO org.apache.hadoop.hdfs.StateChange: BLOCK* NameSystem.registerDatanode: node registration from 192.168.1.13:50010 storage DS-213645566-192.168.1.13-50010-1341920328259
2012-07-11 16:06:18,843 INFO org.apache.hadoop.net.NetworkTopology: Adding a new node: /default-rack/192.168.1.13:50010
2012-07-11 16:06:18,856 INFO org.apache.hadoop.hdfs.StateChange: STATE* Safe mode extension entered. 
The ratio of reported blocks 1.0000 has reached the threshold 0.9990. Safe mode will be turned off automatically in 29 seconds.
2012-07-11 16:06:18,856 INFO org.apache.hadoop.hdfs.StateChange: *BLOCK* NameSystem.processReport: from 192.168.1.13:50010, blocks: 1, processing time: 3 msecs
2012-07-11 16:06:19,872 INFO org.apache.hadoop.hdfs.StateChange: BLOCK* NameSystem.registerDatanode: node registration from 192.168.1.14:50010 storage DS-1652007904-192.168.1.14-50010-1341920559563
2012-07-11 16:06:19,872 INFO org.apache.hadoop.net.NetworkTopology: Adding a new node: /default-rack/192.168.1.14:50010
2012-07-11 16:06:19,882 INFO org.apache.hadoop.hdfs.StateChange: *BLOCK* NameSystem.processReport: from 192.168.1.14:50010, blocks: 1, processing time: 0 msecs
2012-07-11 16:06:23,319 INFO org.apache.hadoop.hdfs.StateChange: BLOCK* NameSystem.registerDatanode: node registration from 192.168.1.12:50010 storage DS-2143568489-192.168.1.12-50010-1341920150570
2012-07-11 16:06:23,319 INFO org.apache.hadoop.net.NetworkTopology: Adding a new node: /default-rack/192.168.1.12:50010
2012-07-11 16:06:23,327 INFO org.apache.hadoop.hdfs.StateChange: *BLOCK* NameSystem.processReport: from 192.168.1.12:50010, blocks: 1, processing time: 0 msecs
2012-07-11 16:06:23,692 ERROR org.apache.hadoop.security.UserGroupInformation: PriviledgedActionException as:rescue01 cause:org.apache.hadoop.hdfs.server.namenode.SafeModeException: Cannot delete /opt/hadoop-datastore/hadoop-rescue01/mapred/system. Name node is in safe mode.
The ratio of reported blocks 1.0000 has reached the threshold 0.9990. Safe mode will be turned off automatically in 25 seconds.
2012-07-11 16:06:23,692 INFO org.apache.hadoop.ipc.Server: IPC Server handler 4 on 9999, call delete(/opt/hadoop-datastore/hadoop-rescue01/mapred/system, true) from 192.168.1.11:46239: error: org.apache.hadoop.hdfs.server.namenode.SafeModeException: Cannot delete /opt/hadoop-datastore/hadoop-rescue01/mapred/system. Name node is in safe mode.
The ratio of reported blocks 1.0000 has reached the threshold 0.9990. Safe mode will be turned off automatically in 25 seconds.
org.apache.hadoop.hdfs.server.namenode.SafeModeException: Cannot delete /opt/hadoop-datastore/hadoop-rescue01/mapred/system. Name node is in safe mode.
The ratio of reported blocks 1.0000 has reached the threshold 0.9990. Safe mode will be turned off automatically in 25 seconds.
	at org.apache.hadoop.hdfs.server.namenode.FSNamesystem.deleteInternal(FSNamesystem.java:1994)
	at org.apache.hadoop.hdfs.server.namenode.FSNamesystem.delete(FSNamesystem.java:1974)
	at org.apache.hadoop.hdfs.server.namenode.NameNode.delete(NameNode.java:792)
	at sun.reflect.NativeMethodAccessorImpl.invoke0(Native Method)
	at sun.reflect.NativeMethodAccessorImpl.invoke(NativeMethodAccessorImpl.java:57)
	at sun.reflect.DelegatingMethodAccessorImpl.invoke(DelegatingMethodAccessorImpl.java:43)
	at java.lang.reflect.Method.invoke(Method.java:601)
	at org.apache.hadoop.ipc.RPC$Server.call(RPC.java:563)
	at org.apache.hadoop.ipc.Server$Handler$1.run(Server.java:1388)
	at org.apache.hadoop.ipc.Server$Handler$1.run(Server.java:1384)
	at java.security.AccessController.doPrivileged(Native Method)
	at javax.security.auth.Subject.doAs(Subject.java:415)
	at org.apache.hadoop.security.UserGroupInformation.doAs(UserGroupInformation.java:1121)
	at org.apache.hadoop.ipc.Server$Handler.run(Server.java:1382)
2012-07-11 16:06:33,700 ERROR org.apache.hadoop.security.UserGroupInformation: PriviledgedActionException as:rescue01 cause:org.apache.hadoop.hdfs.server.namenode.SafeModeException: Cannot delete /opt/hadoop-datastore/hadoop-rescue01/mapred/system. Name node is in safe mode.
The ratio of reported blocks 1.0000 has reached the threshold 0.9990. Safe mode will be turned off automatically in 15 seconds.
2012-07-11 16:06:33,700 INFO org.apache.hadoop.ipc.Server: IPC Server handler 6 on 9999, call delete(/opt/hadoop-datastore/hadoop-rescue01/mapred/system, true) from 192.168.1.11:46240: error: org.apache.hadoop.hdfs.server.namenode.SafeModeException: Cannot delete /opt/hadoop-datastore/hadoop-rescue01/mapred/system. Name node is in safe mode.
The ratio of reported blocks 1.0000 has reached the threshold 0.9990. Safe mode will be turned off automatically in 15 seconds.
org.apache.hadoop.hdfs.server.namenode.SafeModeException: Cannot delete /opt/hadoop-datastore/hadoop-rescue01/mapred/system. Name node is in safe mode.
The ratio of reported blocks 1.0000 has reached the threshold 0.9990. Safe mode will be turned off automatically in 15 seconds.
	at org.apache.hadoop.hdfs.server.namenode.FSNamesystem.deleteInternal(FSNamesystem.java:1994)
	at org.apache.hadoop.hdfs.server.namenode.FSNamesystem.delete(FSNamesystem.java:1974)
	at org.apache.hadoop.hdfs.server.namenode.NameNode.delete(NameNode.java:792)
	at sun.reflect.NativeMethodAccessorImpl.invoke0(Native Method)
	at sun.reflect.NativeMethodAccessorImpl.invoke(NativeMethodAccessorImpl.java:57)
	at sun.reflect.DelegatingMethodAccessorImpl.invoke(DelegatingMethodAccessorImpl.java:43)
	at java.lang.reflect.Method.invoke(Method.java:601)
	at org.apache.hadoop.ipc.RPC$Server.call(RPC.java:563)
	at org.apache.hadoop.ipc.Server$Handler$1.run(Server.java:1388)
	at org.apache.hadoop.ipc.Server$Handler$1.run(Server.java:1384)
	at java.security.AccessController.doPrivileged(Native Method)
	at javax.security.auth.Subject.doAs(Subject.java:415)
	at org.apache.hadoop.security.UserGroupInformation.doAs(UserGroupInformation.java:1121)
	at org.apache.hadoop.ipc.Server$Handler.run(Server.java:1382)
2012-07-11 16:06:38,858 INFO org.apache.hadoop.hdfs.StateChange: STATE* Safe mode ON. 
The ratio of reported blocks 1.0000 has reached the threshold 0.9990. Safe mode will be turned off automatically in 9 seconds.
2012-07-11 16:06:43,707 ERROR org.apache.hadoop.security.UserGroupInformation: PriviledgedActionException as:rescue01 cause:org.apache.hadoop.hdfs.server.namenode.SafeModeException: Cannot delete /opt/hadoop-datastore/hadoop-rescue01/mapred/system. Name node is in safe mode.
The ratio of reported blocks 1.0000 has reached the threshold 0.9990. Safe mode will be turned off automatically in 5 seconds.
2012-07-11 16:06:43,708 INFO org.apache.hadoop.ipc.Server: IPC Server handler 9 on 9999, call delete(/opt/hadoop-datastore/hadoop-rescue01/mapred/system, true) from 192.168.1.11:46248: error: org.apache.hadoop.hdfs.server.namenode.SafeModeException: Cannot delete /opt/hadoop-datastore/hadoop-rescue01/mapred/system. Name node is in safe mode.
The ratio of reported blocks 1.0000 has reached the threshold 0.9990. Safe mode will be turned off automatically in 5 seconds.
org.apache.hadoop.hdfs.server.namenode.SafeModeException: Cannot delete /opt/hadoop-datastore/hadoop-rescue01/mapred/system. Name node is in safe mode.
The ratio of reported blocks 1.0000 has reached the threshold 0.9990. Safe mode will be turned off automatically in 5 seconds.
	at org.apache.hadoop.hdfs.server.namenode.FSNamesystem.deleteInternal(FSNamesystem.java:1994)
	at org.apache.hadoop.hdfs.server.namenode.FSNamesystem.delete(FSNamesystem.java:1974)
	at org.apache.hadoop.hdfs.server.namenode.NameNode.delete(NameNode.java:792)
	at sun.reflect.NativeMethodAccessorImpl.invoke0(Native Method)
	at sun.reflect.NativeMethodAccessorImpl.invoke(NativeMethodAccessorImpl.java:57)
	at sun.reflect.DelegatingMethodAccessorImpl.invoke(DelegatingMethodAccessorImpl.java:43)
	at java.lang.reflect.Method.invoke(Method.java:601)
	at org.apache.hadoop.ipc.RPC$Server.call(RPC.java:563)
	at org.apache.hadoop.ipc.Server$Handler$1.run(Server.java:1388)
	at org.apache.hadoop.ipc.Server$Handler$1.run(Server.java:1384)
	at java.security.AccessController.doPrivileged(Native Method)
	at javax.security.auth.Subject.doAs(Subject.java:415)
	at org.apache.hadoop.security.UserGroupInformation.doAs(UserGroupInformation.java:1121)
	at org.apache.hadoop.ipc.Server$Handler.run(Server.java:1382)
2012-07-11 16:06:48,875 INFO org.apache.hadoop.hdfs.server.namenode.FSNamesystem: Total number of blocks = 1
2012-07-11 16:06:48,875 INFO org.apache.hadoop.hdfs.server.namenode.FSNamesystem: Number of invalid blocks = 0
2012-07-11 16:06:48,875 INFO org.apache.hadoop.hdfs.server.namenode.FSNamesystem: Number of under-replicated blocks = 0
2012-07-11 16:06:48,875 INFO org.apache.hadoop.hdfs.server.namenode.FSNamesystem: Number of  over-replicated blocks = 0
2012-07-11 16:06:48,875 INFO org.apache.hadoop.hdfs.StateChange: STATE* Safe mode termination scan for invalid, over- and under-replicated blocks completed in 16 msec
2012-07-11 16:06:48,875 INFO org.apache.hadoop.hdfs.StateChange: STATE* Leaving safe mode after 42 secs.
2012-07-11 16:06:48,875 INFO org.apache.hadoop.hdfs.StateChange: STATE* Safe mode is OFF.
2012-07-11 16:06:48,875 INFO org.apache.hadoop.hdfs.StateChange: STATE* Network topology has 1 racks and 3 datanodes
2012-07-11 16:06:48,875 INFO org.apache.hadoop.hdfs.StateChange: STATE* UnderReplicatedBlocks has 0 blocks
2012-07-11 16:06:49,426 INFO org.apache.hadoop.hdfs.server.namenode.FSNamesystem: ReplicateQueue QueueProcessingStatistics: First cycle completed 0 blocks in 0 msec
2012-07-11 16:06:49,426 INFO org.apache.hadoop.hdfs.server.namenode.FSNamesystem: ReplicateQueue QueueProcessingStatistics: Queue flush completed 0 blocks in 0 msec processing time, 0 msec clock time, 1 cycles
2012-07-11 16:06:49,426 INFO org.apache.hadoop.hdfs.server.namenode.FSNamesystem: InvalidateQueue QueueProcessingStatistics: First cycle completed 0 blocks in 0 msec
2012-07-11 16:06:49,426 INFO org.apache.hadoop.hdfs.server.namenode.FSNamesystem: InvalidateQueue QueueProcessingStatistics: Queue flush completed 0 blocks in 0 msec processing time, 0 msec clock time, 1 cycles
2012-07-11 16:06:53,714 INFO org.apache.hadoop.hdfs.StateChange: BLOCK* NameSystem.addToInvalidates: blk_8847068361048506873 is added to invalidSet of 192.168.1.13:50010
2012-07-11 16:06:53,715 INFO org.apache.hadoop.hdfs.StateChange: BLOCK* NameSystem.addToInvalidates: blk_8847068361048506873 is added to invalidSet of 192.168.1.14:50010
2012-07-11 16:06:53,715 INFO org.apache.hadoop.hdfs.StateChange: BLOCK* NameSystem.addToInvalidates: blk_8847068361048506873 is added to invalidSet of 192.168.1.12:50010
2012-07-11 16:06:53,995 INFO org.apache.hadoop.hdfs.StateChange: BLOCK* NameSystem.allocateBlock: /opt/hadoop-datastore/hadoop-rescue01/mapred/system/jobtracker.info. blk_4427674188148256938_1377
2012-07-11 16:06:54,096 INFO org.apache.hadoop.hdfs.StateChange: BLOCK* NameSystem.addStoredBlock: blockMap updated: 192.168.1.13:50010 is added to blk_4427674188148256938_1377 size 4
2012-07-11 16:06:54,097 INFO org.apache.hadoop.hdfs.StateChange: BLOCK* NameSystem.addStoredBlock: blockMap updated: 192.168.1.14:50010 is added to blk_4427674188148256938_1377 size 4
2012-07-11 16:06:54,100 INFO org.apache.hadoop.hdfs.StateChange: BLOCK* NameSystem.addStoredBlock: blockMap updated: 192.168.1.12:50010 is added to blk_4427674188148256938_1377 size 4
2012-07-11 16:06:54,102 INFO org.apache.hadoop.hdfs.StateChange: Removing lease on  file /opt/hadoop-datastore/hadoop-rescue01/mapred/system/jobtracker.info from client DFSClient_-1347648751
2012-07-11 16:06:54,102 INFO org.apache.hadoop.hdfs.StateChange: DIR* NameSystem.completeFile: file /opt/hadoop-datastore/hadoop-rescue01/mapred/system/jobtracker.info is closed by DFSClient_-1347648751
2012-07-11 16:06:55,427 INFO org.apache.hadoop.hdfs.StateChange: BLOCK* ask 192.168.1.12:50010 to delete  blk_8847068361048506873_1376
2012-07-11 16:06:58,427 INFO org.apache.hadoop.hdfs.StateChange: BLOCK* ask 192.168.1.13:50010 to delete  blk_8847068361048506873_1376
2012-07-11 16:07:01,427 INFO org.apache.hadoop.hdfs.StateChange: BLOCK* ask 192.168.1.14:50010 to delete  blk_8847068361048506873_1376
2012-07-11 16:10:32,406 INFO org.apache.hadoop.hdfs.StateChange: *BLOCK* NameSystem.processReport: from 192.168.1.12:50010, blocks: 1, processing time: 0 msecs
2012-07-11 16:11:12,043 INFO org.apache.hadoop.hdfs.server.namenode.FSNamesystem: Roll Edit Log from 192.168.1.11
2012-07-11 16:11:12,043 INFO org.apache.hadoop.hdfs.server.namenode.FSNamesystem: Number of transactions: 7 Total time for transactions(ms): 0Number of transactions batched in Syncs: 0 Number of syncs: 6 SyncTimes(ms): 83 
2012-07-11 16:11:12,981 INFO org.apache.hadoop.hdfs.server.namenode.FSNamesystem: Roll FSImage from 192.168.1.11
2012-07-11 16:11:12,981 INFO org.apache.hadoop.hdfs.server.namenode.FSNamesystem: Number of transactions: 0 Total time for transactions(ms): 0Number of transactions batched in Syncs: 0 Number of syncs: 1 SyncTimes(ms): 55 
2012-07-11 16:48:34,676 INFO org.apache.hadoop.hdfs.StateChange: *BLOCK* NameSystem.processReport: from 192.168.1.13:50010, blocks: 1, processing time: 0 msecs
2012-07-11 16:55:38,876 INFO org.apache.hadoop.hdfs.StateChange: *BLOCK* NameSystem.processReport: from 192.168.1.14:50010, blocks: 1, processing time: 0 msecs
2012-07-11 17:10:30,609 INFO org.apache.hadoop.hdfs.StateChange: *BLOCK* NameSystem.processReport: from 192.168.1.12:50010, blocks: 1, processing time: 0 msecs
2012-07-11 17:11:13,483 INFO org.apache.hadoop.hdfs.server.namenode.FSNamesystem: Roll Edit Log from 192.168.1.11
2012-07-11 17:11:13,484 INFO org.apache.hadoop.hdfs.server.namenode.FSNamesystem: Number of transactions: 0 Total time for transactions(ms): 0Number of transactions batched in Syncs: 0 Number of syncs: 0 SyncTimes(ms): 0 
2012-07-11 17:11:14,272 INFO org.apache.hadoop.hdfs.server.namenode.FSNamesystem: Roll FSImage from 192.168.1.11
2012-07-11 17:11:14,272 INFO org.apache.hadoop.hdfs.server.namenode.FSNamesystem: Number of transactions: 0 Total time for transactions(ms): 0Number of transactions batched in Syncs: 0 Number of syncs: 1 SyncTimes(ms): 42 
2012-07-11 17:48:32,885 INFO org.apache.hadoop.hdfs.StateChange: *BLOCK* NameSystem.processReport: from 192.168.1.13:50010, blocks: 1, processing time: 0 msecs
2012-07-11 17:55:37,093 INFO org.apache.hadoop.hdfs.StateChange: *BLOCK* NameSystem.processReport: from 192.168.1.14:50010, blocks: 1, processing time: 0 msecs
2012-07-11 18:10:31,832 INFO org.apache.hadoop.hdfs.StateChange: *BLOCK* NameSystem.processReport: from 192.168.1.12:50010, blocks: 1, processing time: 0 msecs
2012-07-11 18:11:14,708 INFO org.apache.hadoop.hdfs.server.namenode.FSNamesystem: Roll Edit Log from 192.168.1.11
2012-07-11 18:11:14,723 INFO org.apache.hadoop.hdfs.server.namenode.FSNamesystem: Number of transactions: 0 Total time for transactions(ms): 0Number of transactions batched in Syncs: 0 Number of syncs: 0 SyncTimes(ms): 0 
2012-07-11 18:11:15,514 INFO org.apache.hadoop.hdfs.server.namenode.FSNamesystem: Roll FSImage from 192.168.1.11
2012-07-11 18:11:15,514 INFO org.apache.hadoop.hdfs.server.namenode.FSNamesystem: Number of transactions: 0 Total time for transactions(ms): 0Number of transactions batched in Syncs: 0 Number of syncs: 1 SyncTimes(ms): 33 
2012-07-11 18:47:27,276 INFO org.apache.hadoop.hdfs.server.namenode.NameNode: SHUTDOWN_MSG: 
/************************************************************
SHUTDOWN_MSG: Shutting down NameNode at rescue01/192.168.1.11
************************************************************/
2012-07-11 20:24:16,258 INFO org.apache.hadoop.hdfs.server.namenode.NameNode: STARTUP_MSG: 
/************************************************************
STARTUP_MSG: Starting NameNode
STARTUP_MSG:   host = rescue01/192.168.1.11
STARTUP_MSG:   args = []
STARTUP_MSG:   version = 1.0.3
STARTUP_MSG:   build = https://svn.apache.org/repos/asf/hadoop/common/branches/branch-1.0 -r 1335192; compiled by 'hortonfo' on Tue May  8 20:31:25 UTC 2012
************************************************************/
2012-07-11 20:24:16,459 INFO org.apache.hadoop.metrics2.impl.MetricsConfig: loaded properties from hadoop-metrics2.properties
2012-07-11 20:24:16,481 INFO org.apache.hadoop.metrics2.impl.MetricsSourceAdapter: MBean for source MetricsSystem,sub=Stats registered.
2012-07-11 20:24:16,481 INFO org.apache.hadoop.metrics2.impl.MetricsSystemImpl: Scheduled snapshot period at 10 second(s).
2012-07-11 20:24:16,481 INFO org.apache.hadoop.metrics2.impl.MetricsSystemImpl: NameNode metrics system started
2012-07-11 20:24:16,605 INFO org.apache.hadoop.metrics2.impl.MetricsSourceAdapter: MBean for source ugi registered.
2012-07-11 20:24:16,619 INFO org.apache.hadoop.metrics2.impl.MetricsSourceAdapter: MBean for source jvm registered.
2012-07-11 20:24:16,619 INFO org.apache.hadoop.metrics2.impl.MetricsSourceAdapter: MBean for source NameNode registered.
2012-07-11 20:24:16,647 INFO org.apache.hadoop.hdfs.util.GSet: VM type       = 64-bit
2012-07-11 20:24:16,647 INFO org.apache.hadoop.hdfs.util.GSet: 2% max memory = 17.77875 MB
2012-07-11 20:24:16,647 INFO org.apache.hadoop.hdfs.util.GSet: capacity      = 2^21 = 2097152 entries
2012-07-11 20:24:16,647 INFO org.apache.hadoop.hdfs.util.GSet: recommended=2097152, actual=2097152
2012-07-11 20:24:16,660 INFO org.apache.hadoop.hdfs.server.namenode.FSNamesystem: fsOwner=rescue01
2012-07-11 20:24:16,660 INFO org.apache.hadoop.hdfs.server.namenode.FSNamesystem: supergroup=supergroup
2012-07-11 20:24:16,660 INFO org.apache.hadoop.hdfs.server.namenode.FSNamesystem: isPermissionEnabled=false
2012-07-11 20:24:16,663 INFO org.apache.hadoop.hdfs.server.namenode.FSNamesystem: dfs.block.invalidate.limit=100
2012-07-11 20:24:16,663 INFO org.apache.hadoop.hdfs.server.namenode.FSNamesystem: isAccessTokenEnabled=false accessKeyUpdateInterval=0 min(s), accessTokenLifetime=0 min(s)
2012-07-11 20:24:16,735 INFO org.apache.hadoop.hdfs.server.namenode.FSNamesystem: Registered FSNamesystemStateMBean and NameNodeMXBean
2012-07-11 20:24:16,747 INFO org.apache.hadoop.hdfs.server.namenode.NameNode: Caching file names occuring more than 10 times 
2012-07-11 20:24:16,826 INFO org.apache.hadoop.hdfs.server.common.Storage: Number of files = 12
2012-07-11 20:24:16,830 INFO org.apache.hadoop.hdfs.server.common.Storage: Number of files under construction = 0
2012-07-11 20:24:16,830 INFO org.apache.hadoop.hdfs.server.common.Storage: Image file of size 1318 loaded in 0 seconds.
2012-07-11 20:24:16,837 INFO org.apache.hadoop.hdfs.server.common.Storage: Edits file /opt/hadoop-datastore/hadoop-rescue01/dfs/name/current/edits of size 4 edits # 0 loaded in 0 seconds.
2012-07-11 20:24:16,851 INFO org.apache.hadoop.hdfs.server.common.Storage: Image file of size 1318 saved in 0 seconds.
2012-07-11 20:24:17,136 INFO org.apache.hadoop.hdfs.server.common.Storage: Image file of size 1318 saved in 0 seconds.
2012-07-11 20:24:17,472 INFO org.apache.hadoop.hdfs.server.namenode.NameCache: initialized with 0 entries 0 lookups
2012-07-11 20:24:17,472 INFO org.apache.hadoop.hdfs.server.namenode.FSNamesystem: Finished loading FSImage in 818 msecs
2012-07-11 20:24:17,474 INFO org.apache.hadoop.hdfs.StateChange: STATE* Safe mode ON. 
The ratio of reported blocks 0.0000 has not reached the threshold 0.9990. Safe mode will be turned off automatically.
2012-07-11 20:24:17,479 INFO org.apache.hadoop.util.HostsFileReader: Refreshing hosts (include/exclude) list
2012-07-11 20:24:17,481 INFO org.apache.hadoop.metrics2.impl.MetricsSourceAdapter: MBean for source FSNamesystemMetrics registered.
2012-07-11 20:24:17,494 INFO org.apache.hadoop.ipc.Server: Starting SocketReader
2012-07-11 20:24:17,495 INFO org.apache.hadoop.metrics2.impl.MetricsSourceAdapter: MBean for source RpcDetailedActivityForPort9999 registered.
2012-07-11 20:24:17,495 INFO org.apache.hadoop.metrics2.impl.MetricsSourceAdapter: MBean for source RpcActivityForPort9999 registered.
2012-07-11 20:24:17,498 INFO org.apache.hadoop.hdfs.server.namenode.NameNode: Namenode up at: rescue01/192.168.1.11:9999
2012-07-11 20:24:17,806 INFO org.mortbay.log: Logging to org.slf4j.impl.Log4jLoggerAdapter(org.mortbay.log) via org.mortbay.log.Slf4jLog
2012-07-11 20:24:17,842 INFO org.apache.hadoop.http.HttpServer: Added global filtersafety (class=org.apache.hadoop.http.HttpServer$QuotingInputFilter)
2012-07-11 20:24:17,848 INFO org.apache.hadoop.http.HttpServer: dfs.webhdfs.enabled = false
2012-07-11 20:24:17,852 INFO org.apache.hadoop.http.HttpServer: Port returned by webServer.getConnectors()[0].getLocalPort() before open() is -1. Opening the listener on 50070
2012-07-11 20:24:17,853 INFO org.apache.hadoop.http.HttpServer: listener.getLocalPort() returned 50070 webServer.getConnectors()[0].getLocalPort() returned 50070
2012-07-11 20:24:17,853 INFO org.apache.hadoop.http.HttpServer: Jetty bound to port 50070
2012-07-11 20:24:17,853 INFO org.mortbay.log: jetty-6.1.26
2012-07-11 20:24:18,178 INFO org.mortbay.log: Started SelectChannelConnector@0.0.0.0:50070
2012-07-11 20:24:18,178 INFO org.apache.hadoop.hdfs.server.namenode.NameNode: Web-server up at: 0.0.0.0:50070
2012-07-11 20:24:18,179 INFO org.apache.hadoop.ipc.Server: IPC Server Responder: starting
2012-07-11 20:24:18,179 INFO org.apache.hadoop.ipc.Server: IPC Server listener on 9999: starting
2012-07-11 20:24:18,180 INFO org.apache.hadoop.ipc.Server: IPC Server handler 0 on 9999: starting
2012-07-11 20:24:18,180 INFO org.apache.hadoop.ipc.Server: IPC Server handler 1 on 9999: starting
2012-07-11 20:24:18,181 INFO org.apache.hadoop.ipc.Server: IPC Server handler 2 on 9999: starting
2012-07-11 20:24:18,184 INFO org.apache.hadoop.ipc.Server: IPC Server handler 3 on 9999: starting
2012-07-11 20:24:18,188 INFO org.apache.hadoop.ipc.Server: IPC Server handler 4 on 9999: starting
2012-07-11 20:24:18,188 INFO org.apache.hadoop.ipc.Server: IPC Server handler 5 on 9999: starting
2012-07-11 20:24:18,189 INFO org.apache.hadoop.ipc.Server: IPC Server handler 6 on 9999: starting
2012-07-11 20:24:18,189 INFO org.apache.hadoop.ipc.Server: IPC Server handler 7 on 9999: starting
2012-07-11 20:24:18,189 INFO org.apache.hadoop.ipc.Server: IPC Server handler 8 on 9999: starting
2012-07-11 20:24:18,189 INFO org.apache.hadoop.ipc.Server: IPC Server handler 9 on 9999: starting
2012-07-11 20:24:21,105 ERROR org.apache.hadoop.security.UserGroupInformation: PriviledgedActionException as:rescue01 cause:org.apache.hadoop.hdfs.server.namenode.SafeModeException: Cannot delete /opt/hadoop-datastore/hadoop-rescue01/mapred/system. Name node is in safe mode.
The ratio of reported blocks 0.0000 has not reached the threshold 0.9990. Safe mode will be turned off automatically.
2012-07-11 20:24:21,106 INFO org.apache.hadoop.ipc.Server: IPC Server handler 9 on 9999, call delete(/opt/hadoop-datastore/hadoop-rescue01/mapred/system, true) from 192.168.1.11:58748: error: org.apache.hadoop.hdfs.server.namenode.SafeModeException: Cannot delete /opt/hadoop-datastore/hadoop-rescue01/mapred/system. Name node is in safe mode.
The ratio of reported blocks 0.0000 has not reached the threshold 0.9990. Safe mode will be turned off automatically.
org.apache.hadoop.hdfs.server.namenode.SafeModeException: Cannot delete /opt/hadoop-datastore/hadoop-rescue01/mapred/system. Name node is in safe mode.
The ratio of reported blocks 0.0000 has not reached the threshold 0.9990. Safe mode will be turned off automatically.
	at org.apache.hadoop.hdfs.server.namenode.FSNamesystem.deleteInternal(FSNamesystem.java:1994)
	at org.apache.hadoop.hdfs.server.namenode.FSNamesystem.delete(FSNamesystem.java:1974)
	at org.apache.hadoop.hdfs.server.namenode.NameNode.delete(NameNode.java:792)
	at sun.reflect.NativeMethodAccessorImpl.invoke0(Native Method)
	at sun.reflect.NativeMethodAccessorImpl.invoke(NativeMethodAccessorImpl.java:57)
	at sun.reflect.DelegatingMethodAccessorImpl.invoke(DelegatingMethodAccessorImpl.java:43)
	at java.lang.reflect.Method.invoke(Method.java:601)
	at org.apache.hadoop.ipc.RPC$Server.call(RPC.java:563)
	at org.apache.hadoop.ipc.Server$Handler$1.run(Server.java:1388)
	at org.apache.hadoop.ipc.Server$Handler$1.run(Server.java:1384)
	at java.security.AccessController.doPrivileged(Native Method)
	at javax.security.auth.Subject.doAs(Subject.java:415)
	at org.apache.hadoop.security.UserGroupInformation.doAs(UserGroupInformation.java:1121)
	at org.apache.hadoop.ipc.Server$Handler.run(Server.java:1382)
2012-07-11 20:24:25,639 ERROR org.apache.hadoop.security.UserGroupInformation: PriviledgedActionException as:rescue01 cause:org.apache.hadoop.hdfs.server.namenode.SafeModeException: Cannot create directory /user/rescue01/input. Name node is in safe mode.
The ratio of reported blocks 0.0000 has not reached the threshold 0.9990. Safe mode will be turned off automatically.
2012-07-11 20:24:25,639 INFO org.apache.hadoop.ipc.Server: IPC Server handler 4 on 9999, call mkdirs(/user/rescue01/input, rwxr-xr-x) from 192.168.1.11:58749: error: org.apache.hadoop.hdfs.server.namenode.SafeModeException: Cannot create directory /user/rescue01/input. Name node is in safe mode.
The ratio of reported blocks 0.0000 has not reached the threshold 0.9990. Safe mode will be turned off automatically.
org.apache.hadoop.hdfs.server.namenode.SafeModeException: Cannot create directory /user/rescue01/input. Name node is in safe mode.
The ratio of reported blocks 0.0000 has not reached the threshold 0.9990. Safe mode will be turned off automatically.
	at org.apache.hadoop.hdfs.server.namenode.FSNamesystem.mkdirsInternal(FSNamesystem.java:2055)
	at org.apache.hadoop.hdfs.server.namenode.FSNamesystem.mkdirs(FSNamesystem.java:2029)
	at org.apache.hadoop.hdfs.server.namenode.NameNode.mkdirs(NameNode.java:817)
	at sun.reflect.NativeMethodAccessorImpl.invoke0(Native Method)
	at sun.reflect.NativeMethodAccessorImpl.invoke(NativeMethodAccessorImpl.java:57)
	at sun.reflect.DelegatingMethodAccessorImpl.invoke(DelegatingMethodAccessorImpl.java:43)
	at java.lang.reflect.Method.invoke(Method.java:601)
	at org.apache.hadoop.ipc.RPC$Server.call(RPC.java:563)
	at org.apache.hadoop.ipc.Server$Handler$1.run(Server.java:1388)
	at org.apache.hadoop.ipc.Server$Handler$1.run(Server.java:1384)
	at java.security.AccessController.doPrivileged(Native Method)
	at javax.security.auth.Subject.doAs(Subject.java:415)
	at org.apache.hadoop.security.UserGroupInformation.doAs(UserGroupInformation.java:1121)
	at org.apache.hadoop.ipc.Server$Handler.run(Server.java:1382)
2012-07-11 20:24:28,569 INFO org.apache.hadoop.hdfs.StateChange: BLOCK* NameSystem.registerDatanode: node registration from 192.168.1.13:50010 storage DS-213645566-192.168.1.13-50010-1341920328259
2012-07-11 20:24:28,573 INFO org.apache.hadoop.net.NetworkTopology: Adding a new node: /default-rack/192.168.1.13:50010
2012-07-11 20:24:28,573 INFO org.apache.hadoop.hdfs.StateChange: BLOCK* NameSystem.registerDatanode: node registration from 192.168.1.12:50010 storage DS-2143568489-192.168.1.12-50010-1341920150570
2012-07-11 20:24:28,573 INFO org.apache.hadoop.net.NetworkTopology: Adding a new node: /default-rack/192.168.1.12:50010
2012-07-11 20:24:28,586 INFO org.apache.hadoop.hdfs.StateChange: STATE* Safe mode extension entered. 
The ratio of reported blocks 1.0000 has reached the threshold 0.9990. Safe mode will be turned off automatically in 29 seconds.
2012-07-11 20:24:28,586 INFO org.apache.hadoop.hdfs.StateChange: *BLOCK* NameSystem.processReport: from 192.168.1.12:50010, blocks: 1, processing time: 3 msecs
2012-07-11 20:24:28,586 INFO org.apache.hadoop.hdfs.StateChange: *BLOCK* NameSystem.processReport: from 192.168.1.13:50010, blocks: 1, processing time: 0 msecs
2012-07-11 20:24:31,116 ERROR org.apache.hadoop.security.UserGroupInformation: PriviledgedActionException as:rescue01 cause:org.apache.hadoop.hdfs.server.namenode.SafeModeException: Cannot delete /opt/hadoop-datastore/hadoop-rescue01/mapred/system. Name node is in safe mode.
The ratio of reported blocks 1.0000 has reached the threshold 0.9990. Safe mode will be turned off automatically in 27 seconds.
2012-07-11 20:24:31,117 INFO org.apache.hadoop.ipc.Server: IPC Server handler 2 on 9999, call delete(/opt/hadoop-datastore/hadoop-rescue01/mapred/system, true) from 192.168.1.11:58750: error: org.apache.hadoop.hdfs.server.namenode.SafeModeException: Cannot delete /opt/hadoop-datastore/hadoop-rescue01/mapred/system. Name node is in safe mode.
The ratio of reported blocks 1.0000 has reached the threshold 0.9990. Safe mode will be turned off automatically in 27 seconds.
org.apache.hadoop.hdfs.server.namenode.SafeModeException: Cannot delete /opt/hadoop-datastore/hadoop-rescue01/mapred/system. Name node is in safe mode.
The ratio of reported blocks 1.0000 has reached the threshold 0.9990. Safe mode will be turned off automatically in 27 seconds.
	at org.apache.hadoop.hdfs.server.namenode.FSNamesystem.deleteInternal(FSNamesystem.java:1994)
	at org.apache.hadoop.hdfs.server.namenode.FSNamesystem.delete(FSNamesystem.java:1974)
	at org.apache.hadoop.hdfs.server.namenode.NameNode.delete(NameNode.java:792)
	at sun.reflect.NativeMethodAccessorImpl.invoke0(Native Method)
	at sun.reflect.NativeMethodAccessorImpl.invoke(NativeMethodAccessorImpl.java:57)
	at sun.reflect.DelegatingMethodAccessorImpl.invoke(DelegatingMethodAccessorImpl.java:43)
	at java.lang.reflect.Method.invoke(Method.java:601)
	at org.apache.hadoop.ipc.RPC$Server.call(RPC.java:563)
	at org.apache.hadoop.ipc.Server$Handler$1.run(Server.java:1388)
	at org.apache.hadoop.ipc.Server$Handler$1.run(Server.java:1384)
	at java.security.AccessController.doPrivileged(Native Method)
	at javax.security.auth.Subject.doAs(Subject.java:415)
	at org.apache.hadoop.security.UserGroupInformation.doAs(UserGroupInformation.java:1121)
	at org.apache.hadoop.ipc.Server$Handler.run(Server.java:1382)
2012-07-11 20:24:31,460 INFO org.apache.hadoop.hdfs.StateChange: BLOCK* NameSystem.registerDatanode: node registration from 192.168.1.14:50010 storage DS-1652007904-192.168.1.14-50010-1341920559563
2012-07-11 20:24:31,461 INFO org.apache.hadoop.net.NetworkTopology: Adding a new node: /default-rack/192.168.1.14:50010
2012-07-11 20:24:31,471 INFO org.apache.hadoop.hdfs.StateChange: *BLOCK* NameSystem.processReport: from 192.168.1.14:50010, blocks: 1, processing time: 0 msecs
2012-07-11 20:24:41,124 ERROR org.apache.hadoop.security.UserGroupInformation: PriviledgedActionException as:rescue01 cause:org.apache.hadoop.hdfs.server.namenode.SafeModeException: Cannot delete /opt/hadoop-datastore/hadoop-rescue01/mapred/system. Name node is in safe mode.
The ratio of reported blocks 1.0000 has reached the threshold 0.9990. Safe mode will be turned off automatically in 17 seconds.
2012-07-11 20:24:41,125 INFO org.apache.hadoop.ipc.Server: IPC Server handler 8 on 9999, call delete(/opt/hadoop-datastore/hadoop-rescue01/mapred/system, true) from 192.168.1.11:58752: error: org.apache.hadoop.hdfs.server.namenode.SafeModeException: Cannot delete /opt/hadoop-datastore/hadoop-rescue01/mapred/system. Name node is in safe mode.
The ratio of reported blocks 1.0000 has reached the threshold 0.9990. Safe mode will be turned off automatically in 17 seconds.
org.apache.hadoop.hdfs.server.namenode.SafeModeException: Cannot delete /opt/hadoop-datastore/hadoop-rescue01/mapred/system. Name node is in safe mode.
The ratio of reported blocks 1.0000 has reached the threshold 0.9990. Safe mode will be turned off automatically in 17 seconds.
	at org.apache.hadoop.hdfs.server.namenode.FSNamesystem.deleteInternal(FSNamesystem.java:1994)
	at org.apache.hadoop.hdfs.server.namenode.FSNamesystem.delete(FSNamesystem.java:1974)
	at org.apache.hadoop.hdfs.server.namenode.NameNode.delete(NameNode.java:792)
	at sun.reflect.NativeMethodAccessorImpl.invoke0(Native Method)
	at sun.reflect.NativeMethodAccessorImpl.invoke(NativeMethodAccessorImpl.java:57)
	at sun.reflect.DelegatingMethodAccessorImpl.invoke(DelegatingMethodAccessorImpl.java:43)
	at java.lang.reflect.Method.invoke(Method.java:601)
	at org.apache.hadoop.ipc.RPC$Server.call(RPC.java:563)
	at org.apache.hadoop.ipc.Server$Handler$1.run(Server.java:1388)
	at org.apache.hadoop.ipc.Server$Handler$1.run(Server.java:1384)
	at java.security.AccessController.doPrivileged(Native Method)
	at javax.security.auth.Subject.doAs(Subject.java:415)
	at org.apache.hadoop.security.UserGroupInformation.doAs(UserGroupInformation.java:1121)
	at org.apache.hadoop.ipc.Server$Handler.run(Server.java:1382)
2012-07-11 20:24:48,588 INFO org.apache.hadoop.hdfs.StateChange: STATE* Safe mode ON. 
The ratio of reported blocks 1.0000 has reached the threshold 0.9990. Safe mode will be turned off automatically in 9 seconds.
2012-07-11 20:24:51,133 ERROR org.apache.hadoop.security.UserGroupInformation: PriviledgedActionException as:rescue01 cause:org.apache.hadoop.hdfs.server.namenode.SafeModeException: Cannot delete /opt/hadoop-datastore/hadoop-rescue01/mapred/system. Name node is in safe mode.
The ratio of reported blocks 1.0000 has reached the threshold 0.9990. Safe mode will be turned off automatically in 7 seconds.
2012-07-11 20:24:51,133 INFO org.apache.hadoop.ipc.Server: IPC Server handler 2 on 9999, call delete(/opt/hadoop-datastore/hadoop-rescue01/mapred/system, true) from 192.168.1.11:58754: error: org.apache.hadoop.hdfs.server.namenode.SafeModeException: Cannot delete /opt/hadoop-datastore/hadoop-rescue01/mapred/system. Name node is in safe mode.
The ratio of reported blocks 1.0000 has reached the threshold 0.9990. Safe mode will be turned off automatically in 7 seconds.
org.apache.hadoop.hdfs.server.namenode.SafeModeException: Cannot delete /opt/hadoop-datastore/hadoop-rescue01/mapred/system. Name node is in safe mode.
The ratio of reported blocks 1.0000 has reached the threshold 0.9990. Safe mode will be turned off automatically in 7 seconds.
	at org.apache.hadoop.hdfs.server.namenode.FSNamesystem.deleteInternal(FSNamesystem.java:1994)
	at org.apache.hadoop.hdfs.server.namenode.FSNamesystem.delete(FSNamesystem.java:1974)
	at org.apache.hadoop.hdfs.server.namenode.NameNode.delete(NameNode.java:792)
	at sun.reflect.NativeMethodAccessorImpl.invoke0(Native Method)
	at sun.reflect.NativeMethodAccessorImpl.invoke(NativeMethodAccessorImpl.java:57)
	at sun.reflect.DelegatingMethodAccessorImpl.invoke(DelegatingMethodAccessorImpl.java:43)
	at java.lang.reflect.Method.invoke(Method.java:601)
	at org.apache.hadoop.ipc.RPC$Server.call(RPC.java:563)
	at org.apache.hadoop.ipc.Server$Handler$1.run(Server.java:1388)
	at org.apache.hadoop.ipc.Server$Handler$1.run(Server.java:1384)
	at java.security.AccessController.doPrivileged(Native Method)
	at javax.security.auth.Subject.doAs(Subject.java:415)
	at org.apache.hadoop.security.UserGroupInformation.doAs(UserGroupInformation.java:1121)
	at org.apache.hadoop.ipc.Server$Handler.run(Server.java:1382)
2012-07-11 20:24:58,604 INFO org.apache.hadoop.hdfs.server.namenode.FSNamesystem: Total number of blocks = 1
2012-07-11 20:24:58,604 INFO org.apache.hadoop.hdfs.server.namenode.FSNamesystem: Number of invalid blocks = 0
2012-07-11 20:24:58,604 INFO org.apache.hadoop.hdfs.server.namenode.FSNamesystem: Number of under-replicated blocks = 0
2012-07-11 20:24:58,604 INFO org.apache.hadoop.hdfs.server.namenode.FSNamesystem: Number of  over-replicated blocks = 0
2012-07-11 20:24:58,604 INFO org.apache.hadoop.hdfs.StateChange: STATE* Safe mode termination scan for invalid, over- and under-replicated blocks completed in 15 msec
2012-07-11 20:24:58,604 INFO org.apache.hadoop.hdfs.StateChange: STATE* Leaving safe mode after 41 secs.
2012-07-11 20:24:58,604 INFO org.apache.hadoop.hdfs.StateChange: STATE* Safe mode is OFF.
2012-07-11 20:24:58,604 INFO org.apache.hadoop.hdfs.StateChange: STATE* Network topology has 1 racks and 3 datanodes
2012-07-11 20:24:58,604 INFO org.apache.hadoop.hdfs.StateChange: STATE* UnderReplicatedBlocks has 0 blocks
2012-07-11 20:24:59,480 INFO org.apache.hadoop.hdfs.server.namenode.FSNamesystem: ReplicateQueue QueueProcessingStatistics: First cycle completed 0 blocks in 0 msec
2012-07-11 20:24:59,480 INFO org.apache.hadoop.hdfs.server.namenode.FSNamesystem: ReplicateQueue QueueProcessingStatistics: Queue flush completed 0 blocks in 0 msec processing time, 0 msec clock time, 1 cycles
2012-07-11 20:24:59,481 INFO org.apache.hadoop.hdfs.server.namenode.FSNamesystem: InvalidateQueue QueueProcessingStatistics: First cycle completed 0 blocks in 0 msec
2012-07-11 20:24:59,481 INFO org.apache.hadoop.hdfs.server.namenode.FSNamesystem: InvalidateQueue QueueProcessingStatistics: Queue flush completed 0 blocks in 0 msec processing time, 0 msec clock time, 1 cycles
2012-07-11 20:25:01,140 INFO org.apache.hadoop.hdfs.StateChange: BLOCK* NameSystem.addToInvalidates: blk_4427674188148256938 is added to invalidSet of 192.168.1.12:50010
2012-07-11 20:25:01,140 INFO org.apache.hadoop.hdfs.StateChange: BLOCK* NameSystem.addToInvalidates: blk_4427674188148256938 is added to invalidSet of 192.168.1.13:50010
2012-07-11 20:25:01,140 INFO org.apache.hadoop.hdfs.StateChange: BLOCK* NameSystem.addToInvalidates: blk_4427674188148256938 is added to invalidSet of 192.168.1.14:50010
2012-07-11 20:25:01,399 INFO org.apache.hadoop.hdfs.StateChange: BLOCK* NameSystem.allocateBlock: /opt/hadoop-datastore/hadoop-rescue01/mapred/system/jobtracker.info. blk_-5188495906164164385_1378
2012-07-11 20:25:01,498 INFO org.apache.hadoop.hdfs.StateChange: BLOCK* NameSystem.addStoredBlock: blockMap updated: 192.168.1.12:50010 is added to blk_-5188495906164164385_1378 size 4
2012-07-11 20:25:01,499 INFO org.apache.hadoop.hdfs.StateChange: BLOCK* NameSystem.addStoredBlock: blockMap updated: 192.168.1.14:50010 is added to blk_-5188495906164164385_1378 size 4
2012-07-11 20:25:01,503 INFO org.apache.hadoop.hdfs.StateChange: BLOCK* NameSystem.addStoredBlock: blockMap updated: 192.168.1.13:50010 is added to blk_-5188495906164164385_1378 size 4
2012-07-11 20:25:01,505 INFO org.apache.hadoop.hdfs.StateChange: Removing lease on  file /opt/hadoop-datastore/hadoop-rescue01/mapred/system/jobtracker.info from client DFSClient_-345978280
2012-07-11 20:25:01,506 INFO org.apache.hadoop.hdfs.StateChange: DIR* NameSystem.completeFile: file /opt/hadoop-datastore/hadoop-rescue01/mapred/system/jobtracker.info is closed by DFSClient_-345978280
2012-07-11 20:25:02,481 INFO org.apache.hadoop.hdfs.StateChange: BLOCK* ask 192.168.1.12:50010 to delete  blk_4427674188148256938_1377
2012-07-11 20:25:05,481 INFO org.apache.hadoop.hdfs.StateChange: BLOCK* ask 192.168.1.13:50010 to delete  blk_4427674188148256938_1377
2012-07-11 20:25:08,482 INFO org.apache.hadoop.hdfs.StateChange: BLOCK* ask 192.168.1.14:50010 to delete  blk_4427674188148256938_1377
2012-07-11 20:25:10,185 INFO org.apache.hadoop.hdfs.StateChange: STATE* Safe mode is already OFF.
2012-07-11 20:26:02,700 INFO org.apache.hadoop.hdfs.server.namenode.FSNamesystem: Number of transactions: 10 Total time for transactions(ms): 1Number of transactions batched in Syncs: 0 Number of syncs: 7 SyncTimes(ms): 158 
2012-07-11 20:26:02,722 INFO org.apache.hadoop.hdfs.StateChange: BLOCK* NameSystem.allocateBlock: /user/rescue01/input/file1.txt. blk_-2860784485239488139_1379
2012-07-11 20:26:02,760 INFO org.apache.hadoop.hdfs.StateChange: BLOCK* NameSystem.addStoredBlock: blockMap updated: 192.168.1.14:50010 is added to blk_-2860784485239488139_1379 size 12
2012-07-11 20:26:02,762 INFO org.apache.hadoop.hdfs.StateChange: BLOCK* NameSystem.addStoredBlock: blockMap updated: 192.168.1.12:50010 is added to blk_-2860784485239488139_1379 size 12
2012-07-11 20:26:02,764 INFO org.apache.hadoop.hdfs.StateChange: BLOCK* NameSystem.addStoredBlock: blockMap updated: 192.168.1.13:50010 is added to blk_-2860784485239488139_1379 size 12
2012-07-11 20:26:02,765 INFO org.apache.hadoop.hdfs.StateChange: Removing lease on  file /user/rescue01/input/file1.txt from client DFSClient_2131935479
2012-07-11 20:26:02,765 INFO org.apache.hadoop.hdfs.StateChange: DIR* NameSystem.completeFile: file /user/rescue01/input/file1.txt is closed by DFSClient_2131935479
2012-07-11 20:26:02,787 INFO org.apache.hadoop.hdfs.StateChange: BLOCK* NameSystem.allocateBlock: /user/rescue01/input/file2.txt. blk_-859539484827291410_1380
2012-07-11 20:26:02,797 INFO org.apache.hadoop.hdfs.StateChange: BLOCK* NameSystem.addStoredBlock: blockMap updated: 192.168.1.13:50010 is added to blk_-859539484827291410_1380 size 13
2012-07-11 20:26:02,799 INFO org.apache.hadoop.hdfs.StateChange: BLOCK* NameSystem.addStoredBlock: blockMap updated: 192.168.1.12:50010 is added to blk_-859539484827291410_1380 size 13
2012-07-11 20:26:02,800 INFO org.apache.hadoop.hdfs.StateChange: BLOCK* NameSystem.addStoredBlock: blockMap updated: 192.168.1.14:50010 is added to blk_-859539484827291410_1380 size 13
2012-07-11 20:26:02,802 INFO org.apache.hadoop.hdfs.StateChange: Removing lease on  file /user/rescue01/input/file2.txt from client DFSClient_2131935479
2012-07-11 20:26:02,802 INFO org.apache.hadoop.hdfs.StateChange: DIR* NameSystem.completeFile: file /user/rescue01/input/file2.txt is closed by DFSClient_2131935479
2012-07-11 20:26:47,446 INFO org.apache.hadoop.hdfs.StateChange: BLOCK* NameSystem.allocateBlock: /opt/hadoop-datastore/hadoop-rescue01/mapred/staging/rescue01/.staging/job_201207112024_0001/job.jar. blk_9043121798818984109_1381
2012-07-11 20:26:47,513 INFO org.apache.hadoop.hdfs.StateChange: BLOCK* NameSystem.addStoredBlock: blockMap updated: 192.168.1.14:50010 is added to blk_9043121798818984109_1381 size 142452
2012-07-11 20:26:47,514 INFO org.apache.hadoop.hdfs.StateChange: BLOCK* NameSystem.addStoredBlock: blockMap updated: 192.168.1.13:50010 is added to blk_9043121798818984109_1381 size 142452
2012-07-11 20:26:47,515 INFO org.apache.hadoop.hdfs.StateChange: BLOCK* NameSystem.addStoredBlock: blockMap updated: 192.168.1.12:50010 is added to blk_9043121798818984109_1381 size 142452
2012-07-11 20:26:47,516 INFO org.apache.hadoop.hdfs.StateChange: Removing lease on  file /opt/hadoop-datastore/hadoop-rescue01/mapred/staging/rescue01/.staging/job_201207112024_0001/job.jar from client DFSClient_-251525253
2012-07-11 20:26:47,516 INFO org.apache.hadoop.hdfs.StateChange: DIR* NameSystem.completeFile: file /opt/hadoop-datastore/hadoop-rescue01/mapred/staging/rescue01/.staging/job_201207112024_0001/job.jar is closed by DFSClient_-251525253
2012-07-11 20:26:47,526 INFO org.apache.hadoop.hdfs.server.namenode.FSNamesystem: Increasing replication for file /opt/hadoop-datastore/hadoop-rescue01/mapred/staging/rescue01/.staging/job_201207112024_0001/job.jar. New replication is 10
2012-07-11 20:26:47,651 INFO org.apache.hadoop.hdfs.server.namenode.FSNamesystem: Increasing replication for file /opt/hadoop-datastore/hadoop-rescue01/mapred/staging/rescue01/.staging/job_201207112024_0001/job.split. New replication is 10
2012-07-11 20:26:47,664 INFO org.apache.hadoop.hdfs.StateChange: BLOCK* NameSystem.allocateBlock: /opt/hadoop-datastore/hadoop-rescue01/mapred/staging/rescue01/.staging/job_201207112024_0001/job.split. blk_-1356292220645009694_1382
2012-07-11 20:26:47,675 INFO org.apache.hadoop.hdfs.StateChange: BLOCK* NameSystem.addStoredBlock: blockMap updated: 192.168.1.13:50010 is added to blk_-1356292220645009694_1382 size 237
2012-07-11 20:26:47,676 INFO org.apache.hadoop.hdfs.StateChange: BLOCK* NameSystem.addStoredBlock: blockMap updated: 192.168.1.12:50010 is added to blk_-1356292220645009694_1382 size 237
2012-07-11 20:26:47,677 INFO org.apache.hadoop.hdfs.StateChange: BLOCK* NameSystem.addStoredBlock: blockMap updated: 192.168.1.14:50010 is added to blk_-1356292220645009694_1382 size 237
2012-07-11 20:26:47,679 INFO org.apache.hadoop.hdfs.StateChange: Removing lease on  file /opt/hadoop-datastore/hadoop-rescue01/mapred/staging/rescue01/.staging/job_201207112024_0001/job.split from client DFSClient_-251525253
2012-07-11 20:26:47,679 INFO org.apache.hadoop.hdfs.StateChange: DIR* NameSystem.completeFile: file /opt/hadoop-datastore/hadoop-rescue01/mapred/staging/rescue01/.staging/job_201207112024_0001/job.split is closed by DFSClient_-251525253
2012-07-11 20:26:47,703 INFO org.apache.hadoop.hdfs.StateChange: BLOCK* NameSystem.allocateBlock: /opt/hadoop-datastore/hadoop-rescue01/mapred/staging/rescue01/.staging/job_201207112024_0001/job.splitmetainfo. blk_6971085141549400897_1383
2012-07-11 20:26:47,714 INFO org.apache.hadoop.hdfs.StateChange: BLOCK* NameSystem.addStoredBlock: blockMap updated: 192.168.1.14:50010 is added to blk_6971085141549400897_1383 size 70
2012-07-11 20:26:47,715 INFO org.apache.hadoop.hdfs.StateChange: BLOCK* NameSystem.addStoredBlock: blockMap updated: 192.168.1.12:50010 is added to blk_6971085141549400897_1383 size 70
2012-07-11 20:26:47,717 INFO org.apache.hadoop.hdfs.StateChange: BLOCK* NameSystem.addStoredBlock: blockMap updated: 192.168.1.13:50010 is added to blk_6971085141549400897_1383 size 70
2012-07-11 20:26:47,718 INFO org.apache.hadoop.hdfs.StateChange: Removing lease on  file /opt/hadoop-datastore/hadoop-rescue01/mapred/staging/rescue01/.staging/job_201207112024_0001/job.splitmetainfo from client DFSClient_-251525253
2012-07-11 20:26:47,718 INFO org.apache.hadoop.hdfs.StateChange: DIR* NameSystem.completeFile: file /opt/hadoop-datastore/hadoop-rescue01/mapred/staging/rescue01/.staging/job_201207112024_0001/job.splitmetainfo is closed by DFSClient_-251525253
2012-07-11 20:26:47,876 INFO org.apache.hadoop.hdfs.StateChange: BLOCK* NameSystem.allocateBlock: /opt/hadoop-datastore/hadoop-rescue01/mapred/staging/rescue01/.staging/job_201207112024_0001/job.xml. blk_-9162968790178254384_1384
2012-07-11 20:26:47,892 INFO org.apache.hadoop.hdfs.StateChange: BLOCK* NameSystem.addStoredBlock: blockMap updated: 192.168.1.14:50010 is added to blk_-9162968790178254384_1384 size 20360
2012-07-11 20:26:47,893 INFO org.apache.hadoop.hdfs.StateChange: BLOCK* NameSystem.addStoredBlock: blockMap updated: 192.168.1.12:50010 is added to blk_-9162968790178254384_1384 size 20360
2012-07-11 20:26:47,895 INFO org.apache.hadoop.hdfs.StateChange: BLOCK* NameSystem.addStoredBlock: blockMap updated: 192.168.1.13:50010 is added to blk_-9162968790178254384_1384 size 20360
2012-07-11 20:26:47,896 INFO org.apache.hadoop.hdfs.StateChange: Removing lease on  file /opt/hadoop-datastore/hadoop-rescue01/mapred/staging/rescue01/.staging/job_201207112024_0001/job.xml from client DFSClient_-251525253
2012-07-11 20:26:47,896 INFO org.apache.hadoop.hdfs.StateChange: DIR* NameSystem.completeFile: file /opt/hadoop-datastore/hadoop-rescue01/mapred/staging/rescue01/.staging/job_201207112024_0001/job.xml is closed by DFSClient_-251525253
2012-07-11 20:26:48,104 INFO org.apache.hadoop.hdfs.StateChange: BLOCK* NameSystem.allocateBlock: /user/rescue01/output/_logs/history/job_201207112024_0001_conf.xml. blk_5766926717278659752_1386
2012-07-11 20:26:48,119 INFO org.apache.hadoop.hdfs.StateChange: BLOCK* NameSystem.addStoredBlock: blockMap updated: 192.168.1.13:50010 is added to blk_5766926717278659752_1386 size 20427
2012-07-11 20:26:48,120 INFO org.apache.hadoop.hdfs.StateChange: BLOCK* NameSystem.addStoredBlock: blockMap updated: 192.168.1.14:50010 is added to blk_5766926717278659752_1386 size 20427
2012-07-11 20:26:48,122 INFO org.apache.hadoop.hdfs.StateChange: BLOCK* NameSystem.addStoredBlock: blockMap updated: 192.168.1.12:50010 is added to blk_5766926717278659752_1386 size 20427
2012-07-11 20:26:48,124 INFO org.apache.hadoop.hdfs.StateChange: Removing lease on  file /user/rescue01/output/_logs/history/job_201207112024_0001_conf.xml from client DFSClient_-2140988460
2012-07-11 20:26:48,124 INFO org.apache.hadoop.hdfs.StateChange: DIR* NameSystem.completeFile: file /user/rescue01/output/_logs/history/job_201207112024_0001_conf.xml is closed by DFSClient_-2140988460
2012-07-11 20:26:48,165 INFO org.apache.hadoop.hdfs.StateChange: BLOCK* NameSystem.allocateBlock: /opt/hadoop-datastore/hadoop-rescue01/mapred/system/job_201207112024_0001/jobToken. blk_1464820974920053729_1387
2012-07-11 20:26:48,175 INFO org.apache.hadoop.hdfs.StateChange: BLOCK* NameSystem.addStoredBlock: blockMap updated: 192.168.1.14:50010 is added to blk_1464820974920053729_1387 size 106
2012-07-11 20:26:48,177 INFO org.apache.hadoop.hdfs.StateChange: BLOCK* NameSystem.addStoredBlock: blockMap updated: 192.168.1.12:50010 is added to blk_1464820974920053729_1387 size 106
2012-07-11 20:26:48,178 INFO org.apache.hadoop.hdfs.StateChange: BLOCK* NameSystem.addStoredBlock: blockMap updated: 192.168.1.13:50010 is added to blk_1464820974920053729_1387 size 106
2012-07-11 20:26:48,179 INFO org.apache.hadoop.hdfs.StateChange: Removing lease on  file /opt/hadoop-datastore/hadoop-rescue01/mapred/system/job_201207112024_0001/jobToken from client DFSClient_-345978280
2012-07-11 20:26:48,180 INFO org.apache.hadoop.hdfs.StateChange: DIR* NameSystem.completeFile: file /opt/hadoop-datastore/hadoop-rescue01/mapred/system/job_201207112024_0001/jobToken is closed by DFSClient_-345978280
2012-07-11 20:27:08,854 INFO org.apache.hadoop.hdfs.server.namenode.FSNamesystem: Number of transactions: 50 Total time for transactions(ms): 1Number of transactions batched in Syncs: 0 Number of syncs: 33 SyncTimes(ms): 432 
2012-07-11 20:27:08,871 INFO org.apache.hadoop.hdfs.StateChange: BLOCK* NameSystem.allocateBlock: /user/rescue01/output/_temporary/_attempt_201207112024_0001_r_000000_0/part-r-00000. blk_-3141692943247078664_1388
2012-07-11 20:27:08,902 INFO org.apache.hadoop.hdfs.StateChange: BLOCK* NameSystem.addStoredBlock: blockMap updated: 192.168.1.13:50010 is added to blk_-3141692943247078664_1388 size 25
2012-07-11 20:27:08,904 INFO org.apache.hadoop.hdfs.StateChange: BLOCK* NameSystem.addStoredBlock: blockMap updated: 192.168.1.14:50010 is added to blk_-3141692943247078664_1388 size 25
2012-07-11 20:27:08,905 INFO org.apache.hadoop.hdfs.StateChange: BLOCK* NameSystem.addStoredBlock: blockMap updated: 192.168.1.12:50010 is added to blk_-3141692943247078664_1388 size 25
2012-07-11 20:27:08,906 INFO org.apache.hadoop.hdfs.StateChange: Removing lease on  file /user/rescue01/output/_temporary/_attempt_201207112024_0001_r_000000_0/part-r-00000 from client DFSClient_attempt_201207112024_0001_r_000000_0
2012-07-11 20:27:08,906 INFO org.apache.hadoop.hdfs.StateChange: DIR* NameSystem.completeFile: file /user/rescue01/output/_temporary/_attempt_201207112024_0001_r_000000_0/part-r-00000 is closed by DFSClient_attempt_201207112024_0001_r_000000_0
2012-07-11 20:27:17,882 INFO org.apache.hadoop.hdfs.StateChange: Removing lease on  file /user/rescue01/output/_SUCCESS from client DFSClient_attempt_201207112024_0001_m_000002_0
2012-07-11 20:27:17,882 INFO org.apache.hadoop.hdfs.StateChange: DIR* NameSystem.completeFile: file /user/rescue01/output/_SUCCESS is closed by DFSClient_attempt_201207112024_0001_m_000002_0
2012-07-11 20:27:17,888 INFO org.apache.hadoop.hdfs.StateChange: BLOCK* NameSystem.addToInvalidates: blk_9043121798818984109 is added to invalidSet of 192.168.1.14:50010
2012-07-11 20:27:17,888 INFO org.apache.hadoop.hdfs.StateChange: BLOCK* NameSystem.addToInvalidates: blk_9043121798818984109 is added to invalidSet of 192.168.1.13:50010
2012-07-11 20:27:17,888 INFO org.apache.hadoop.hdfs.StateChange: BLOCK* NameSystem.addToInvalidates: blk_9043121798818984109 is added to invalidSet of 192.168.1.12:50010
2012-07-11 20:27:17,888 INFO org.apache.hadoop.hdfs.StateChange: BLOCK* NameSystem.addToInvalidates: blk_-1356292220645009694 is added to invalidSet of 192.168.1.13:50010
2012-07-11 20:27:17,888 INFO org.apache.hadoop.hdfs.StateChange: BLOCK* NameSystem.addToInvalidates: blk_-1356292220645009694 is added to invalidSet of 192.168.1.12:50010
2012-07-11 20:27:17,888 INFO org.apache.hadoop.hdfs.StateChange: BLOCK* NameSystem.addToInvalidates: blk_-1356292220645009694 is added to invalidSet of 192.168.1.14:50010
2012-07-11 20:27:17,889 INFO org.apache.hadoop.hdfs.StateChange: BLOCK* NameSystem.addToInvalidates: blk_6971085141549400897 is added to invalidSet of 192.168.1.14:50010
2012-07-11 20:27:17,889 INFO org.apache.hadoop.hdfs.StateChange: BLOCK* NameSystem.addToInvalidates: blk_6971085141549400897 is added to invalidSet of 192.168.1.12:50010
2012-07-11 20:27:17,889 INFO org.apache.hadoop.hdfs.StateChange: BLOCK* NameSystem.addToInvalidates: blk_6971085141549400897 is added to invalidSet of 192.168.1.13:50010
2012-07-11 20:27:17,889 INFO org.apache.hadoop.hdfs.StateChange: BLOCK* NameSystem.addToInvalidates: blk_-9162968790178254384 is added to invalidSet of 192.168.1.14:50010
2012-07-11 20:27:17,889 INFO org.apache.hadoop.hdfs.StateChange: BLOCK* NameSystem.addToInvalidates: blk_-9162968790178254384 is added to invalidSet of 192.168.1.12:50010
2012-07-11 20:27:17,889 INFO org.apache.hadoop.hdfs.StateChange: BLOCK* NameSystem.addToInvalidates: blk_-9162968790178254384 is added to invalidSet of 192.168.1.13:50010
2012-07-11 20:27:20,491 INFO org.apache.hadoop.hdfs.StateChange: BLOCK* ask 192.168.1.14:50010 to delete  blk_-9162968790178254384_1384 blk_9043121798818984109_1381 blk_6971085141549400897_1383 blk_-1356292220645009694_1382
2012-07-11 20:27:23,103 INFO org.apache.hadoop.hdfs.StateChange: BLOCK* NameSystem.allocateBlock: /user/rescue01/output/_logs/history/job_201207112024_0001_1342009607914_rescue01_word+count. blk_-7135345546971484807_1389
2012-07-11 20:27:23,118 INFO org.apache.hadoop.hdfs.StateChange: BLOCK* NameSystem.addStoredBlock: blockMap updated: 192.168.1.13:50010 is added to blk_-7135345546971484807_1389 size 16181
2012-07-11 20:27:23,120 INFO org.apache.hadoop.hdfs.StateChange: BLOCK* NameSystem.addStoredBlock: blockMap updated: 192.168.1.12:50010 is added to blk_-7135345546971484807_1389 size 16181
2012-07-11 20:27:23,121 INFO org.apache.hadoop.hdfs.StateChange: BLOCK* NameSystem.addStoredBlock: blockMap updated: 192.168.1.14:50010 is added to blk_-7135345546971484807_1389 size 16181
2012-07-11 20:27:23,123 INFO org.apache.hadoop.hdfs.StateChange: Removing lease on  file /user/rescue01/output/_logs/history/job_201207112024_0001_1342009607914_rescue01_word+count from client DFSClient_-2140988460
2012-07-11 20:27:23,124 INFO org.apache.hadoop.hdfs.StateChange: DIR* NameSystem.completeFile: file /user/rescue01/output/_logs/history/job_201207112024_0001_1342009607914_rescue01_word+count is closed by DFSClient_-2140988460
2012-07-11 20:27:23,146 INFO org.apache.hadoop.hdfs.StateChange: BLOCK* NameSystem.addToInvalidates: blk_1464820974920053729 is added to invalidSet of 192.168.1.14:50010
2012-07-11 20:27:23,147 INFO org.apache.hadoop.hdfs.StateChange: BLOCK* NameSystem.addToInvalidates: blk_1464820974920053729 is added to invalidSet of 192.168.1.12:50010
2012-07-11 20:27:23,147 INFO org.apache.hadoop.hdfs.StateChange: BLOCK* NameSystem.addToInvalidates: blk_1464820974920053729 is added to invalidSet of 192.168.1.13:50010
2012-07-11 20:27:23,491 INFO org.apache.hadoop.hdfs.StateChange: BLOCK* ask 192.168.1.13:50010 to delete  blk_-9162968790178254384_1384 blk_9043121798818984109_1381 blk_1464820974920053729_1387 blk_6971085141549400897_1383 blk_-1356292220645009694_1382
2012-07-11 20:27:26,492 INFO org.apache.hadoop.hdfs.StateChange: BLOCK* ask 192.168.1.14:50010 to delete  blk_1464820974920053729_1387
2012-07-11 20:27:29,492 INFO org.apache.hadoop.hdfs.StateChange: BLOCK* ask 192.168.1.12:50010 to delete  blk_-9162968790178254384_1384 blk_9043121798818984109_1381 blk_1464820974920053729_1387 blk_6971085141549400897_1383 blk_-1356292220645009694_1382
2012-07-11 20:29:19,764 INFO org.apache.hadoop.hdfs.server.namenode.FSNamesystem: Roll Edit Log from 192.168.1.11
2012-07-11 20:29:19,765 INFO org.apache.hadoop.hdfs.server.namenode.FSNamesystem: Number of transactions: 60 Total time for transactions(ms): 1Number of transactions batched in Syncs: 1 Number of syncs: 43 SyncTimes(ms): 561 
2012-07-11 20:29:20,825 INFO org.apache.hadoop.hdfs.server.namenode.FSNamesystem: Roll FSImage from 192.168.1.11
2012-07-11 20:29:20,825 INFO org.apache.hadoop.hdfs.server.namenode.FSNamesystem: Number of transactions: 0 Total time for transactions(ms): 0Number of transactions batched in Syncs: 0 Number of syncs: 1 SyncTimes(ms): 44 
2012-07-11 20:51:02,116 INFO org.apache.hadoop.hdfs.StateChange: *BLOCK* NameSystem.processReport: from 192.168.1.13:50010, blocks: 6, processing time: 0 msecs
2012-07-11 20:54:16,861 INFO org.apache.hadoop.hdfs.StateChange: *BLOCK* NameSystem.processReport: from 192.168.1.12:50010, blocks: 6, processing time: 0 msecs
2012-07-11 21:01:02,088 INFO org.apache.hadoop.hdfs.StateChange: *BLOCK* NameSystem.processReport: from 192.168.1.14:50010, blocks: 6, processing time: 8 msecs
2012-07-11 21:25:18,577 INFO org.apache.hadoop.hdfs.server.namenode.NameNode: SHUTDOWN_MSG: 
/************************************************************
SHUTDOWN_MSG: Shutting down NameNode at rescue01/192.168.1.11
************************************************************/
