2012-07-11 16:06:12,690 INFO org.apache.hadoop.mapred.JobTracker: STARTUP_MSG: 
/************************************************************
STARTUP_MSG: Starting JobTracker
STARTUP_MSG:   host = rescue01/192.168.1.11
STARTUP_MSG:   args = []
STARTUP_MSG:   version = 1.0.3
STARTUP_MSG:   build = https://svn.apache.org/repos/asf/hadoop/common/branches/branch-1.0 -r 1335192; compiled by 'hortonfo' on Tue May  8 20:31:25 UTC 2012
************************************************************/
2012-07-11 16:06:12,788 INFO org.apache.hadoop.metrics2.impl.MetricsConfig: loaded properties from hadoop-metrics2.properties
2012-07-11 16:06:12,796 INFO org.apache.hadoop.metrics2.impl.MetricsSourceAdapter: MBean for source MetricsSystem,sub=Stats registered.
2012-07-11 16:06:12,796 INFO org.apache.hadoop.metrics2.impl.MetricsSystemImpl: Scheduled snapshot period at 10 second(s).
2012-07-11 16:06:12,796 INFO org.apache.hadoop.metrics2.impl.MetricsSystemImpl: JobTracker metrics system started
2012-07-11 16:06:12,926 INFO org.apache.hadoop.metrics2.impl.MetricsSourceAdapter: MBean for source QueueMetrics,q=default registered.
2012-07-11 16:06:13,092 INFO org.apache.hadoop.metrics2.impl.MetricsSourceAdapter: MBean for source ugi registered.
2012-07-11 16:06:13,093 INFO org.apache.hadoop.security.token.delegation.AbstractDelegationTokenSecretManager: Updating the current master key for generating delegation tokens
2012-07-11 16:06:13,094 INFO org.apache.hadoop.security.token.delegation.AbstractDelegationTokenSecretManager: Starting expired delegation token remover thread, tokenRemoverScanInterval=60 min(s)
2012-07-11 16:06:13,094 INFO org.apache.hadoop.security.token.delegation.AbstractDelegationTokenSecretManager: Updating the current master key for generating delegation tokens
2012-07-11 16:06:13,094 INFO org.apache.hadoop.mapred.JobTracker: Scheduler configured with (memSizeForMapSlotOnJT, memSizeForReduceSlotOnJT, limitMaxMemForMapTasks, limitMaxMemForReduceTasks) (-1, -1, -1, -1)
2012-07-11 16:06:13,094 INFO org.apache.hadoop.util.HostsFileReader: Refreshing hosts (include/exclude) list
2012-07-11 16:06:13,100 INFO org.apache.hadoop.mapred.JobTracker: Starting jobtracker with owner as rescue01
2012-07-11 16:06:13,129 INFO org.apache.hadoop.ipc.Server: Starting SocketReader
2012-07-11 16:06:13,130 INFO org.apache.hadoop.metrics2.impl.MetricsSourceAdapter: MBean for source RpcDetailedActivityForPort9998 registered.
2012-07-11 16:06:13,130 INFO org.apache.hadoop.metrics2.impl.MetricsSourceAdapter: MBean for source RpcActivityForPort9998 registered.
2012-07-11 16:06:13,171 INFO org.mortbay.log: Logging to org.slf4j.impl.Log4jLoggerAdapter(org.mortbay.log) via org.mortbay.log.Slf4jLog
2012-07-11 16:06:13,212 INFO org.apache.hadoop.http.HttpServer: Added global filtersafety (class=org.apache.hadoop.http.HttpServer$QuotingInputFilter)
2012-07-11 16:06:13,317 INFO org.apache.hadoop.http.HttpServer: Port returned by webServer.getConnectors()[0].getLocalPort() before open() is -1. Opening the listener on 50030
2012-07-11 16:06:13,318 INFO org.apache.hadoop.http.HttpServer: listener.getLocalPort() returned 50030 webServer.getConnectors()[0].getLocalPort() returned 50030
2012-07-11 16:06:13,318 INFO org.apache.hadoop.http.HttpServer: Jetty bound to port 50030
2012-07-11 16:06:13,318 INFO org.mortbay.log: jetty-6.1.26
2012-07-11 16:06:13,603 INFO org.mortbay.log: Started SelectChannelConnector@0.0.0.0:50030
2012-07-11 16:06:13,607 INFO org.apache.hadoop.metrics2.impl.MetricsSourceAdapter: MBean for source jvm registered.
2012-07-11 16:06:13,607 INFO org.apache.hadoop.metrics2.impl.MetricsSourceAdapter: MBean for source JobTrackerMetrics registered.
2012-07-11 16:06:13,607 INFO org.apache.hadoop.mapred.JobTracker: JobTracker up at: 9998
2012-07-11 16:06:13,607 INFO org.apache.hadoop.mapred.JobTracker: JobTracker webserver: 50030
2012-07-11 16:06:13,678 INFO org.apache.hadoop.mapred.JobTracker: Cleaning up the system directory
2012-07-11 16:06:13,684 INFO org.apache.hadoop.mapred.JobTracker: problem cleaning system directory: hdfs://rescue01:9999/opt/hadoop-datastore/hadoop-rescue01/mapred/system
org.apache.hadoop.ipc.RemoteException: org.apache.hadoop.hdfs.server.namenode.SafeModeException: Cannot delete /opt/hadoop-datastore/hadoop-rescue01/mapred/system. Name node is in safe mode.
The ratio of reported blocks 0.0000 has not reached the threshold 0.9990. Safe mode will be turned off automatically.
	at org.apache.hadoop.hdfs.server.namenode.FSNamesystem.deleteInternal(FSNamesystem.java:1994)
	at org.apache.hadoop.hdfs.server.namenode.FSNamesystem.delete(FSNamesystem.java:1974)
	at org.apache.hadoop.hdfs.server.namenode.NameNode.delete(NameNode.java:792)
	at sun.reflect.NativeMethodAccessorImpl.invoke0(Native Method)
	at sun.reflect.NativeMethodAccessorImpl.invoke(NativeMethodAccessorImpl.java:57)
	at sun.reflect.DelegatingMethodAccessorImpl.invoke(DelegatingMethodAccessorImpl.java:43)
	at java.lang.reflect.Method.invoke(Method.java:601)
	at org.apache.hadoop.ipc.RPC$Server.call(RPC.java:563)
	at org.apache.hadoop.ipc.Server$Handler$1.run(Server.java:1388)
	at org.apache.hadoop.ipc.Server$Handler$1.run(Server.java:1384)
	at java.security.AccessController.doPrivileged(Native Method)
	at javax.security.auth.Subject.doAs(Subject.java:415)
	at org.apache.hadoop.security.UserGroupInformation.doAs(UserGroupInformation.java:1121)
	at org.apache.hadoop.ipc.Server$Handler.run(Server.java:1382)

	at org.apache.hadoop.ipc.Client.call(Client.java:1070)
	at org.apache.hadoop.ipc.RPC$Invoker.invoke(RPC.java:225)
	at $Proxy5.delete(Unknown Source)
	at sun.reflect.NativeMethodAccessorImpl.invoke0(Native Method)
	at sun.reflect.NativeMethodAccessorImpl.invoke(NativeMethodAccessorImpl.java:57)
	at sun.reflect.DelegatingMethodAccessorImpl.invoke(DelegatingMethodAccessorImpl.java:43)
	at java.lang.reflect.Method.invoke(Method.java:601)
	at org.apache.hadoop.io.retry.RetryInvocationHandler.invokeMethod(RetryInvocationHandler.java:82)
	at org.apache.hadoop.io.retry.RetryInvocationHandler.invoke(RetryInvocationHandler.java:59)
	at $Proxy5.delete(Unknown Source)
	at org.apache.hadoop.hdfs.DFSClient.delete(DFSClient.java:828)
	at org.apache.hadoop.hdfs.DistributedFileSystem.delete(DistributedFileSystem.java:234)
	at org.apache.hadoop.mapred.JobTracker.<init>(JobTracker.java:2410)
	at org.apache.hadoop.mapred.JobTracker.<init>(JobTracker.java:2192)
	at org.apache.hadoop.mapred.JobTracker.<init>(JobTracker.java:2186)
	at org.apache.hadoop.mapred.JobTracker.startTracker(JobTracker.java:300)
	at org.apache.hadoop.mapred.JobTracker.startTracker(JobTracker.java:291)
	at org.apache.hadoop.mapred.JobTracker.main(JobTracker.java:4978)
2012-07-11 16:06:23,691 INFO org.apache.hadoop.mapred.JobTracker: Cleaning up the system directory
2012-07-11 16:06:23,693 INFO org.apache.hadoop.mapred.JobTracker: problem cleaning system directory: hdfs://rescue01:9999/opt/hadoop-datastore/hadoop-rescue01/mapred/system
org.apache.hadoop.ipc.RemoteException: org.apache.hadoop.hdfs.server.namenode.SafeModeException: Cannot delete /opt/hadoop-datastore/hadoop-rescue01/mapred/system. Name node is in safe mode.
The ratio of reported blocks 1.0000 has reached the threshold 0.9990. Safe mode will be turned off automatically in 25 seconds.
	at org.apache.hadoop.hdfs.server.namenode.FSNamesystem.deleteInternal(FSNamesystem.java:1994)
	at org.apache.hadoop.hdfs.server.namenode.FSNamesystem.delete(FSNamesystem.java:1974)
	at org.apache.hadoop.hdfs.server.namenode.NameNode.delete(NameNode.java:792)
	at sun.reflect.NativeMethodAccessorImpl.invoke0(Native Method)
	at sun.reflect.NativeMethodAccessorImpl.invoke(NativeMethodAccessorImpl.java:57)
	at sun.reflect.DelegatingMethodAccessorImpl.invoke(DelegatingMethodAccessorImpl.java:43)
	at java.lang.reflect.Method.invoke(Method.java:601)
	at org.apache.hadoop.ipc.RPC$Server.call(RPC.java:563)
	at org.apache.hadoop.ipc.Server$Handler$1.run(Server.java:1388)
	at org.apache.hadoop.ipc.Server$Handler$1.run(Server.java:1384)
	at java.security.AccessController.doPrivileged(Native Method)
	at javax.security.auth.Subject.doAs(Subject.java:415)
	at org.apache.hadoop.security.UserGroupInformation.doAs(UserGroupInformation.java:1121)
	at org.apache.hadoop.ipc.Server$Handler.run(Server.java:1382)

	at org.apache.hadoop.ipc.Client.call(Client.java:1070)
	at org.apache.hadoop.ipc.RPC$Invoker.invoke(RPC.java:225)
	at $Proxy5.delete(Unknown Source)
	at sun.reflect.NativeMethodAccessorImpl.invoke0(Native Method)
	at sun.reflect.NativeMethodAccessorImpl.invoke(NativeMethodAccessorImpl.java:57)
	at sun.reflect.DelegatingMethodAccessorImpl.invoke(DelegatingMethodAccessorImpl.java:43)
	at java.lang.reflect.Method.invoke(Method.java:601)
	at org.apache.hadoop.io.retry.RetryInvocationHandler.invokeMethod(RetryInvocationHandler.java:82)
	at org.apache.hadoop.io.retry.RetryInvocationHandler.invoke(RetryInvocationHandler.java:59)
	at $Proxy5.delete(Unknown Source)
	at org.apache.hadoop.hdfs.DFSClient.delete(DFSClient.java:828)
	at org.apache.hadoop.hdfs.DistributedFileSystem.delete(DistributedFileSystem.java:234)
	at org.apache.hadoop.mapred.JobTracker.<init>(JobTracker.java:2410)
	at org.apache.hadoop.mapred.JobTracker.<init>(JobTracker.java:2192)
	at org.apache.hadoop.mapred.JobTracker.<init>(JobTracker.java:2186)
	at org.apache.hadoop.mapred.JobTracker.startTracker(JobTracker.java:300)
	at org.apache.hadoop.mapred.JobTracker.startTracker(JobTracker.java:291)
	at org.apache.hadoop.mapred.JobTracker.main(JobTracker.java:4978)
2012-07-11 16:06:33,699 INFO org.apache.hadoop.mapred.JobTracker: Cleaning up the system directory
2012-07-11 16:06:33,701 INFO org.apache.hadoop.mapred.JobTracker: problem cleaning system directory: hdfs://rescue01:9999/opt/hadoop-datastore/hadoop-rescue01/mapred/system
org.apache.hadoop.ipc.RemoteException: org.apache.hadoop.hdfs.server.namenode.SafeModeException: Cannot delete /opt/hadoop-datastore/hadoop-rescue01/mapred/system. Name node is in safe mode.
The ratio of reported blocks 1.0000 has reached the threshold 0.9990. Safe mode will be turned off automatically in 15 seconds.
	at org.apache.hadoop.hdfs.server.namenode.FSNamesystem.deleteInternal(FSNamesystem.java:1994)
	at org.apache.hadoop.hdfs.server.namenode.FSNamesystem.delete(FSNamesystem.java:1974)
	at org.apache.hadoop.hdfs.server.namenode.NameNode.delete(NameNode.java:792)
	at sun.reflect.NativeMethodAccessorImpl.invoke0(Native Method)
	at sun.reflect.NativeMethodAccessorImpl.invoke(NativeMethodAccessorImpl.java:57)
	at sun.reflect.DelegatingMethodAccessorImpl.invoke(DelegatingMethodAccessorImpl.java:43)
	at java.lang.reflect.Method.invoke(Method.java:601)
	at org.apache.hadoop.ipc.RPC$Server.call(RPC.java:563)
	at org.apache.hadoop.ipc.Server$Handler$1.run(Server.java:1388)
	at org.apache.hadoop.ipc.Server$Handler$1.run(Server.java:1384)
	at java.security.AccessController.doPrivileged(Native Method)
	at javax.security.auth.Subject.doAs(Subject.java:415)
	at org.apache.hadoop.security.UserGroupInformation.doAs(UserGroupInformation.java:1121)
	at org.apache.hadoop.ipc.Server$Handler.run(Server.java:1382)

	at org.apache.hadoop.ipc.Client.call(Client.java:1070)
	at org.apache.hadoop.ipc.RPC$Invoker.invoke(RPC.java:225)
	at $Proxy5.delete(Unknown Source)
	at sun.reflect.NativeMethodAccessorImpl.invoke0(Native Method)
	at sun.reflect.NativeMethodAccessorImpl.invoke(NativeMethodAccessorImpl.java:57)
	at sun.reflect.DelegatingMethodAccessorImpl.invoke(DelegatingMethodAccessorImpl.java:43)
	at java.lang.reflect.Method.invoke(Method.java:601)
	at org.apache.hadoop.io.retry.RetryInvocationHandler.invokeMethod(RetryInvocationHandler.java:82)
	at org.apache.hadoop.io.retry.RetryInvocationHandler.invoke(RetryInvocationHandler.java:59)
	at $Proxy5.delete(Unknown Source)
	at org.apache.hadoop.hdfs.DFSClient.delete(DFSClient.java:828)
	at org.apache.hadoop.hdfs.DistributedFileSystem.delete(DistributedFileSystem.java:234)
	at org.apache.hadoop.mapred.JobTracker.<init>(JobTracker.java:2410)
	at org.apache.hadoop.mapred.JobTracker.<init>(JobTracker.java:2192)
	at org.apache.hadoop.mapred.JobTracker.<init>(JobTracker.java:2186)
	at org.apache.hadoop.mapred.JobTracker.startTracker(JobTracker.java:300)
	at org.apache.hadoop.mapred.JobTracker.startTracker(JobTracker.java:291)
	at org.apache.hadoop.mapred.JobTracker.main(JobTracker.java:4978)
2012-07-11 16:06:43,706 INFO org.apache.hadoop.mapred.JobTracker: Cleaning up the system directory
2012-07-11 16:06:43,709 INFO org.apache.hadoop.mapred.JobTracker: problem cleaning system directory: hdfs://rescue01:9999/opt/hadoop-datastore/hadoop-rescue01/mapred/system
org.apache.hadoop.ipc.RemoteException: org.apache.hadoop.hdfs.server.namenode.SafeModeException: Cannot delete /opt/hadoop-datastore/hadoop-rescue01/mapred/system. Name node is in safe mode.
The ratio of reported blocks 1.0000 has reached the threshold 0.9990. Safe mode will be turned off automatically in 5 seconds.
	at org.apache.hadoop.hdfs.server.namenode.FSNamesystem.deleteInternal(FSNamesystem.java:1994)
	at org.apache.hadoop.hdfs.server.namenode.FSNamesystem.delete(FSNamesystem.java:1974)
	at org.apache.hadoop.hdfs.server.namenode.NameNode.delete(NameNode.java:792)
	at sun.reflect.NativeMethodAccessorImpl.invoke0(Native Method)
	at sun.reflect.NativeMethodAccessorImpl.invoke(NativeMethodAccessorImpl.java:57)
	at sun.reflect.DelegatingMethodAccessorImpl.invoke(DelegatingMethodAccessorImpl.java:43)
	at java.lang.reflect.Method.invoke(Method.java:601)
	at org.apache.hadoop.ipc.RPC$Server.call(RPC.java:563)
	at org.apache.hadoop.ipc.Server$Handler$1.run(Server.java:1388)
	at org.apache.hadoop.ipc.Server$Handler$1.run(Server.java:1384)
	at java.security.AccessController.doPrivileged(Native Method)
	at javax.security.auth.Subject.doAs(Subject.java:415)
	at org.apache.hadoop.security.UserGroupInformation.doAs(UserGroupInformation.java:1121)
	at org.apache.hadoop.ipc.Server$Handler.run(Server.java:1382)

	at org.apache.hadoop.ipc.Client.call(Client.java:1070)
	at org.apache.hadoop.ipc.RPC$Invoker.invoke(RPC.java:225)
	at $Proxy5.delete(Unknown Source)
	at sun.reflect.NativeMethodAccessorImpl.invoke0(Native Method)
	at sun.reflect.NativeMethodAccessorImpl.invoke(NativeMethodAccessorImpl.java:57)
	at sun.reflect.DelegatingMethodAccessorImpl.invoke(DelegatingMethodAccessorImpl.java:43)
	at java.lang.reflect.Method.invoke(Method.java:601)
	at org.apache.hadoop.io.retry.RetryInvocationHandler.invokeMethod(RetryInvocationHandler.java:82)
	at org.apache.hadoop.io.retry.RetryInvocationHandler.invoke(RetryInvocationHandler.java:59)
	at $Proxy5.delete(Unknown Source)
	at org.apache.hadoop.hdfs.DFSClient.delete(DFSClient.java:828)
	at org.apache.hadoop.hdfs.DistributedFileSystem.delete(DistributedFileSystem.java:234)
	at org.apache.hadoop.mapred.JobTracker.<init>(JobTracker.java:2410)
	at org.apache.hadoop.mapred.JobTracker.<init>(JobTracker.java:2192)
	at org.apache.hadoop.mapred.JobTracker.<init>(JobTracker.java:2186)
	at org.apache.hadoop.mapred.JobTracker.startTracker(JobTracker.java:300)
	at org.apache.hadoop.mapred.JobTracker.startTracker(JobTracker.java:291)
	at org.apache.hadoop.mapred.JobTracker.main(JobTracker.java:4978)
2012-07-11 16:06:53,713 INFO org.apache.hadoop.mapred.JobTracker: Cleaning up the system directory
2012-07-11 16:06:53,879 INFO org.apache.hadoop.mapred.JobTracker: History server being initialized in embedded mode
2012-07-11 16:06:53,888 INFO org.apache.hadoop.mapred.JobHistoryServer: Started job history server at: localhost:50030
2012-07-11 16:06:53,888 INFO org.apache.hadoop.mapred.JobTracker: Job History Server web address: localhost:50030
2012-07-11 16:06:53,890 INFO org.apache.hadoop.mapred.CompletedJobStatusStore: Completed job store is inactive
2012-07-11 16:06:54,109 INFO org.apache.hadoop.mapred.JobTracker: Refreshing hosts information
2012-07-11 16:06:54,143 INFO org.apache.hadoop.util.HostsFileReader: Setting the includes file to 
2012-07-11 16:06:54,143 INFO org.apache.hadoop.util.HostsFileReader: Setting the excludes file to 
2012-07-11 16:06:54,143 INFO org.apache.hadoop.util.HostsFileReader: Refreshing hosts (include/exclude) list
2012-07-11 16:06:54,143 INFO org.apache.hadoop.mapred.JobTracker: Decommissioning 0 nodes
2012-07-11 16:06:54,144 INFO org.apache.hadoop.ipc.Server: IPC Server Responder: starting
2012-07-11 16:06:54,144 INFO org.apache.hadoop.ipc.Server: IPC Server listener on 9998: starting
2012-07-11 16:06:54,145 INFO org.apache.hadoop.ipc.Server: IPC Server handler 0 on 9998: starting
2012-07-11 16:06:54,146 INFO org.apache.hadoop.ipc.Server: IPC Server handler 1 on 9998: starting
2012-07-11 16:06:54,149 INFO org.apache.hadoop.ipc.Server: IPC Server handler 2 on 9998: starting
2012-07-11 16:06:54,149 INFO org.apache.hadoop.ipc.Server: IPC Server handler 3 on 9998: starting
2012-07-11 16:06:54,149 INFO org.apache.hadoop.ipc.Server: IPC Server handler 4 on 9998: starting
2012-07-11 16:06:54,149 INFO org.apache.hadoop.ipc.Server: IPC Server handler 5 on 9998: starting
2012-07-11 16:06:54,149 INFO org.apache.hadoop.ipc.Server: IPC Server handler 7 on 9998: starting
2012-07-11 16:06:54,149 INFO org.apache.hadoop.ipc.Server: IPC Server handler 6 on 9998: starting
2012-07-11 16:06:54,151 INFO org.apache.hadoop.ipc.Server: IPC Server handler 8 on 9998: starting
2012-07-11 16:06:54,154 INFO org.apache.hadoop.mapred.JobTracker: Starting RUNNING
2012-07-11 16:06:54,154 INFO org.apache.hadoop.ipc.Server: IPC Server handler 9 on 9998: starting
2012-07-11 16:06:57,458 INFO org.apache.hadoop.net.NetworkTopology: Adding a new node: /default-rack/rescue04
2012-07-11 16:06:57,460 INFO org.apache.hadoop.mapred.JobTracker: Adding tracker tracker_rescue04:127.0.0.1/127.0.0.1:54675 to host rescue04
2012-07-11 16:06:57,461 INFO org.apache.hadoop.net.NetworkTopology: Adding a new node: /default-rack/rescue03
2012-07-11 16:06:57,462 INFO org.apache.hadoop.mapred.JobTracker: Adding tracker tracker_rescue03:127.0.0.1/127.0.0.1:46933 to host rescue03
2012-07-11 16:06:57,470 INFO org.apache.hadoop.net.NetworkTopology: Adding a new node: /default-rack/rescue02
2012-07-11 16:06:57,470 INFO org.apache.hadoop.mapred.JobTracker: Adding tracker tracker_rescue02:127.0.0.1/127.0.0.1:57100 to host rescue02
2012-07-11 18:47:26,900 INFO org.apache.hadoop.mapred.JobTracker: SHUTDOWN_MSG: 
/************************************************************
SHUTDOWN_MSG: Shutting down JobTracker at rescue01/192.168.1.11
************************************************************/
2012-07-11 20:24:20,309 INFO org.apache.hadoop.mapred.JobTracker: STARTUP_MSG: 
/************************************************************
STARTUP_MSG: Starting JobTracker
STARTUP_MSG:   host = rescue01/192.168.1.11
STARTUP_MSG:   args = []
STARTUP_MSG:   version = 1.0.3
STARTUP_MSG:   build = https://svn.apache.org/repos/asf/hadoop/common/branches/branch-1.0 -r 1335192; compiled by 'hortonfo' on Tue May  8 20:31:25 UTC 2012
************************************************************/
2012-07-11 20:24:20,415 INFO org.apache.hadoop.metrics2.impl.MetricsConfig: loaded properties from hadoop-metrics2.properties
2012-07-11 20:24:20,422 INFO org.apache.hadoop.metrics2.impl.MetricsSourceAdapter: MBean for source MetricsSystem,sub=Stats registered.
2012-07-11 20:24:20,423 INFO org.apache.hadoop.metrics2.impl.MetricsSystemImpl: Scheduled snapshot period at 10 second(s).
2012-07-11 20:24:20,423 INFO org.apache.hadoop.metrics2.impl.MetricsSystemImpl: JobTracker metrics system started
2012-07-11 20:24:20,520 INFO org.apache.hadoop.metrics2.impl.MetricsSourceAdapter: MBean for source QueueMetrics,q=default registered.
2012-07-11 20:24:20,605 INFO org.apache.hadoop.metrics2.impl.MetricsSourceAdapter: MBean for source ugi registered.
2012-07-11 20:24:20,605 INFO org.apache.hadoop.security.token.delegation.AbstractDelegationTokenSecretManager: Updating the current master key for generating delegation tokens
2012-07-11 20:24:20,606 INFO org.apache.hadoop.security.token.delegation.AbstractDelegationTokenSecretManager: Starting expired delegation token remover thread, tokenRemoverScanInterval=60 min(s)
2012-07-11 20:24:20,606 INFO org.apache.hadoop.security.token.delegation.AbstractDelegationTokenSecretManager: Updating the current master key for generating delegation tokens
2012-07-11 20:24:20,606 INFO org.apache.hadoop.mapred.JobTracker: Scheduler configured with (memSizeForMapSlotOnJT, memSizeForReduceSlotOnJT, limitMaxMemForMapTasks, limitMaxMemForReduceTasks) (-1, -1, -1, -1)
2012-07-11 20:24:20,607 INFO org.apache.hadoop.util.HostsFileReader: Refreshing hosts (include/exclude) list
2012-07-11 20:24:20,613 INFO org.apache.hadoop.mapred.JobTracker: Starting jobtracker with owner as rescue01
2012-07-11 20:24:20,629 INFO org.apache.hadoop.ipc.Server: Starting SocketReader
2012-07-11 20:24:20,631 INFO org.apache.hadoop.metrics2.impl.MetricsSourceAdapter: MBean for source RpcDetailedActivityForPort9998 registered.
2012-07-11 20:24:20,631 INFO org.apache.hadoop.metrics2.impl.MetricsSourceAdapter: MBean for source RpcActivityForPort9998 registered.
2012-07-11 20:24:20,665 INFO org.mortbay.log: Logging to org.slf4j.impl.Log4jLoggerAdapter(org.mortbay.log) via org.mortbay.log.Slf4jLog
2012-07-11 20:24:20,702 INFO org.apache.hadoop.http.HttpServer: Added global filtersafety (class=org.apache.hadoop.http.HttpServer$QuotingInputFilter)
2012-07-11 20:24:20,783 INFO org.apache.hadoop.http.HttpServer: Port returned by webServer.getConnectors()[0].getLocalPort() before open() is -1. Opening the listener on 50030
2012-07-11 20:24:20,784 INFO org.apache.hadoop.http.HttpServer: listener.getLocalPort() returned 50030 webServer.getConnectors()[0].getLocalPort() returned 50030
2012-07-11 20:24:20,784 INFO org.apache.hadoop.http.HttpServer: Jetty bound to port 50030
2012-07-11 20:24:20,784 INFO org.mortbay.log: jetty-6.1.26
2012-07-11 20:24:21,029 INFO org.mortbay.log: Started SelectChannelConnector@0.0.0.0:50030
2012-07-11 20:24:21,032 INFO org.apache.hadoop.metrics2.impl.MetricsSourceAdapter: MBean for source jvm registered.
2012-07-11 20:24:21,032 INFO org.apache.hadoop.metrics2.impl.MetricsSourceAdapter: MBean for source JobTrackerMetrics registered.
2012-07-11 20:24:21,032 INFO org.apache.hadoop.mapred.JobTracker: JobTracker up at: 9998
2012-07-11 20:24:21,033 INFO org.apache.hadoop.mapred.JobTracker: JobTracker webserver: 50030
2012-07-11 20:24:21,103 INFO org.apache.hadoop.mapred.JobTracker: Cleaning up the system directory
2012-07-11 20:24:21,109 INFO org.apache.hadoop.mapred.JobTracker: problem cleaning system directory: hdfs://rescue01:9999/opt/hadoop-datastore/hadoop-rescue01/mapred/system
org.apache.hadoop.ipc.RemoteException: org.apache.hadoop.hdfs.server.namenode.SafeModeException: Cannot delete /opt/hadoop-datastore/hadoop-rescue01/mapred/system. Name node is in safe mode.
The ratio of reported blocks 0.0000 has not reached the threshold 0.9990. Safe mode will be turned off automatically.
	at org.apache.hadoop.hdfs.server.namenode.FSNamesystem.deleteInternal(FSNamesystem.java:1994)
	at org.apache.hadoop.hdfs.server.namenode.FSNamesystem.delete(FSNamesystem.java:1974)
	at org.apache.hadoop.hdfs.server.namenode.NameNode.delete(NameNode.java:792)
	at sun.reflect.NativeMethodAccessorImpl.invoke0(Native Method)
	at sun.reflect.NativeMethodAccessorImpl.invoke(NativeMethodAccessorImpl.java:57)
	at sun.reflect.DelegatingMethodAccessorImpl.invoke(DelegatingMethodAccessorImpl.java:43)
	at java.lang.reflect.Method.invoke(Method.java:601)
	at org.apache.hadoop.ipc.RPC$Server.call(RPC.java:563)
	at org.apache.hadoop.ipc.Server$Handler$1.run(Server.java:1388)
	at org.apache.hadoop.ipc.Server$Handler$1.run(Server.java:1384)
	at java.security.AccessController.doPrivileged(Native Method)
	at javax.security.auth.Subject.doAs(Subject.java:415)
	at org.apache.hadoop.security.UserGroupInformation.doAs(UserGroupInformation.java:1121)
	at org.apache.hadoop.ipc.Server$Handler.run(Server.java:1382)

	at org.apache.hadoop.ipc.Client.call(Client.java:1070)
	at org.apache.hadoop.ipc.RPC$Invoker.invoke(RPC.java:225)
	at $Proxy5.delete(Unknown Source)
	at sun.reflect.NativeMethodAccessorImpl.invoke0(Native Method)
	at sun.reflect.NativeMethodAccessorImpl.invoke(NativeMethodAccessorImpl.java:57)
	at sun.reflect.DelegatingMethodAccessorImpl.invoke(DelegatingMethodAccessorImpl.java:43)
	at java.lang.reflect.Method.invoke(Method.java:601)
	at org.apache.hadoop.io.retry.RetryInvocationHandler.invokeMethod(RetryInvocationHandler.java:82)
	at org.apache.hadoop.io.retry.RetryInvocationHandler.invoke(RetryInvocationHandler.java:59)
	at $Proxy5.delete(Unknown Source)
	at org.apache.hadoop.hdfs.DFSClient.delete(DFSClient.java:828)
	at org.apache.hadoop.hdfs.DistributedFileSystem.delete(DistributedFileSystem.java:234)
	at org.apache.hadoop.mapred.JobTracker.<init>(JobTracker.java:2410)
	at org.apache.hadoop.mapred.JobTracker.<init>(JobTracker.java:2192)
	at org.apache.hadoop.mapred.JobTracker.<init>(JobTracker.java:2186)
	at org.apache.hadoop.mapred.JobTracker.startTracker(JobTracker.java:300)
	at org.apache.hadoop.mapred.JobTracker.startTracker(JobTracker.java:291)
	at org.apache.hadoop.mapred.JobTracker.main(JobTracker.java:4978)
2012-07-11 20:24:31,115 INFO org.apache.hadoop.mapred.JobTracker: Cleaning up the system directory
2012-07-11 20:24:31,118 INFO org.apache.hadoop.mapred.JobTracker: problem cleaning system directory: hdfs://rescue01:9999/opt/hadoop-datastore/hadoop-rescue01/mapred/system
org.apache.hadoop.ipc.RemoteException: org.apache.hadoop.hdfs.server.namenode.SafeModeException: Cannot delete /opt/hadoop-datastore/hadoop-rescue01/mapred/system. Name node is in safe mode.
The ratio of reported blocks 1.0000 has reached the threshold 0.9990. Safe mode will be turned off automatically in 27 seconds.
	at org.apache.hadoop.hdfs.server.namenode.FSNamesystem.deleteInternal(FSNamesystem.java:1994)
	at org.apache.hadoop.hdfs.server.namenode.FSNamesystem.delete(FSNamesystem.java:1974)
	at org.apache.hadoop.hdfs.server.namenode.NameNode.delete(NameNode.java:792)
	at sun.reflect.NativeMethodAccessorImpl.invoke0(Native Method)
	at sun.reflect.NativeMethodAccessorImpl.invoke(NativeMethodAccessorImpl.java:57)
	at sun.reflect.DelegatingMethodAccessorImpl.invoke(DelegatingMethodAccessorImpl.java:43)
	at java.lang.reflect.Method.invoke(Method.java:601)
	at org.apache.hadoop.ipc.RPC$Server.call(RPC.java:563)
	at org.apache.hadoop.ipc.Server$Handler$1.run(Server.java:1388)
	at org.apache.hadoop.ipc.Server$Handler$1.run(Server.java:1384)
	at java.security.AccessController.doPrivileged(Native Method)
	at javax.security.auth.Subject.doAs(Subject.java:415)
	at org.apache.hadoop.security.UserGroupInformation.doAs(UserGroupInformation.java:1121)
	at org.apache.hadoop.ipc.Server$Handler.run(Server.java:1382)

	at org.apache.hadoop.ipc.Client.call(Client.java:1070)
	at org.apache.hadoop.ipc.RPC$Invoker.invoke(RPC.java:225)
	at $Proxy5.delete(Unknown Source)
	at sun.reflect.NativeMethodAccessorImpl.invoke0(Native Method)
	at sun.reflect.NativeMethodAccessorImpl.invoke(NativeMethodAccessorImpl.java:57)
	at sun.reflect.DelegatingMethodAccessorImpl.invoke(DelegatingMethodAccessorImpl.java:43)
	at java.lang.reflect.Method.invoke(Method.java:601)
	at org.apache.hadoop.io.retry.RetryInvocationHandler.invokeMethod(RetryInvocationHandler.java:82)
	at org.apache.hadoop.io.retry.RetryInvocationHandler.invoke(RetryInvocationHandler.java:59)
	at $Proxy5.delete(Unknown Source)
	at org.apache.hadoop.hdfs.DFSClient.delete(DFSClient.java:828)
	at org.apache.hadoop.hdfs.DistributedFileSystem.delete(DistributedFileSystem.java:234)
	at org.apache.hadoop.mapred.JobTracker.<init>(JobTracker.java:2410)
	at org.apache.hadoop.mapred.JobTracker.<init>(JobTracker.java:2192)
	at org.apache.hadoop.mapred.JobTracker.<init>(JobTracker.java:2186)
	at org.apache.hadoop.mapred.JobTracker.startTracker(JobTracker.java:300)
	at org.apache.hadoop.mapred.JobTracker.startTracker(JobTracker.java:291)
	at org.apache.hadoop.mapred.JobTracker.main(JobTracker.java:4978)
2012-07-11 20:24:41,123 INFO org.apache.hadoop.mapred.JobTracker: Cleaning up the system directory
2012-07-11 20:24:41,126 INFO org.apache.hadoop.mapred.JobTracker: problem cleaning system directory: hdfs://rescue01:9999/opt/hadoop-datastore/hadoop-rescue01/mapred/system
org.apache.hadoop.ipc.RemoteException: org.apache.hadoop.hdfs.server.namenode.SafeModeException: Cannot delete /opt/hadoop-datastore/hadoop-rescue01/mapred/system. Name node is in safe mode.
The ratio of reported blocks 1.0000 has reached the threshold 0.9990. Safe mode will be turned off automatically in 17 seconds.
	at org.apache.hadoop.hdfs.server.namenode.FSNamesystem.deleteInternal(FSNamesystem.java:1994)
	at org.apache.hadoop.hdfs.server.namenode.FSNamesystem.delete(FSNamesystem.java:1974)
	at org.apache.hadoop.hdfs.server.namenode.NameNode.delete(NameNode.java:792)
	at sun.reflect.NativeMethodAccessorImpl.invoke0(Native Method)
	at sun.reflect.NativeMethodAccessorImpl.invoke(NativeMethodAccessorImpl.java:57)
	at sun.reflect.DelegatingMethodAccessorImpl.invoke(DelegatingMethodAccessorImpl.java:43)
	at java.lang.reflect.Method.invoke(Method.java:601)
	at org.apache.hadoop.ipc.RPC$Server.call(RPC.java:563)
	at org.apache.hadoop.ipc.Server$Handler$1.run(Server.java:1388)
	at org.apache.hadoop.ipc.Server$Handler$1.run(Server.java:1384)
	at java.security.AccessController.doPrivileged(Native Method)
	at javax.security.auth.Subject.doAs(Subject.java:415)
	at org.apache.hadoop.security.UserGroupInformation.doAs(UserGroupInformation.java:1121)
	at org.apache.hadoop.ipc.Server$Handler.run(Server.java:1382)

	at org.apache.hadoop.ipc.Client.call(Client.java:1070)
	at org.apache.hadoop.ipc.RPC$Invoker.invoke(RPC.java:225)
	at $Proxy5.delete(Unknown Source)
	at sun.reflect.NativeMethodAccessorImpl.invoke0(Native Method)
	at sun.reflect.NativeMethodAccessorImpl.invoke(NativeMethodAccessorImpl.java:57)
	at sun.reflect.DelegatingMethodAccessorImpl.invoke(DelegatingMethodAccessorImpl.java:43)
	at java.lang.reflect.Method.invoke(Method.java:601)
	at org.apache.hadoop.io.retry.RetryInvocationHandler.invokeMethod(RetryInvocationHandler.java:82)
	at org.apache.hadoop.io.retry.RetryInvocationHandler.invoke(RetryInvocationHandler.java:59)
	at $Proxy5.delete(Unknown Source)
	at org.apache.hadoop.hdfs.DFSClient.delete(DFSClient.java:828)
	at org.apache.hadoop.hdfs.DistributedFileSystem.delete(DistributedFileSystem.java:234)
	at org.apache.hadoop.mapred.JobTracker.<init>(JobTracker.java:2410)
	at org.apache.hadoop.mapred.JobTracker.<init>(JobTracker.java:2192)
	at org.apache.hadoop.mapred.JobTracker.<init>(JobTracker.java:2186)
	at org.apache.hadoop.mapred.JobTracker.startTracker(JobTracker.java:300)
	at org.apache.hadoop.mapred.JobTracker.startTracker(JobTracker.java:291)
	at org.apache.hadoop.mapred.JobTracker.main(JobTracker.java:4978)
2012-07-11 20:24:51,131 INFO org.apache.hadoop.mapred.JobTracker: Cleaning up the system directory
2012-07-11 20:24:51,134 INFO org.apache.hadoop.mapred.JobTracker: problem cleaning system directory: hdfs://rescue01:9999/opt/hadoop-datastore/hadoop-rescue01/mapred/system
org.apache.hadoop.ipc.RemoteException: org.apache.hadoop.hdfs.server.namenode.SafeModeException: Cannot delete /opt/hadoop-datastore/hadoop-rescue01/mapred/system. Name node is in safe mode.
The ratio of reported blocks 1.0000 has reached the threshold 0.9990. Safe mode will be turned off automatically in 7 seconds.
	at org.apache.hadoop.hdfs.server.namenode.FSNamesystem.deleteInternal(FSNamesystem.java:1994)
	at org.apache.hadoop.hdfs.server.namenode.FSNamesystem.delete(FSNamesystem.java:1974)
	at org.apache.hadoop.hdfs.server.namenode.NameNode.delete(NameNode.java:792)
	at sun.reflect.NativeMethodAccessorImpl.invoke0(Native Method)
	at sun.reflect.NativeMethodAccessorImpl.invoke(NativeMethodAccessorImpl.java:57)
	at sun.reflect.DelegatingMethodAccessorImpl.invoke(DelegatingMethodAccessorImpl.java:43)
	at java.lang.reflect.Method.invoke(Method.java:601)
	at org.apache.hadoop.ipc.RPC$Server.call(RPC.java:563)
	at org.apache.hadoop.ipc.Server$Handler$1.run(Server.java:1388)
	at org.apache.hadoop.ipc.Server$Handler$1.run(Server.java:1384)
	at java.security.AccessController.doPrivileged(Native Method)
	at javax.security.auth.Subject.doAs(Subject.java:415)
	at org.apache.hadoop.security.UserGroupInformation.doAs(UserGroupInformation.java:1121)
	at org.apache.hadoop.ipc.Server$Handler.run(Server.java:1382)

	at org.apache.hadoop.ipc.Client.call(Client.java:1070)
	at org.apache.hadoop.ipc.RPC$Invoker.invoke(RPC.java:225)
	at $Proxy5.delete(Unknown Source)
	at sun.reflect.NativeMethodAccessorImpl.invoke0(Native Method)
	at sun.reflect.NativeMethodAccessorImpl.invoke(NativeMethodAccessorImpl.java:57)
	at sun.reflect.DelegatingMethodAccessorImpl.invoke(DelegatingMethodAccessorImpl.java:43)
	at java.lang.reflect.Method.invoke(Method.java:601)
	at org.apache.hadoop.io.retry.RetryInvocationHandler.invokeMethod(RetryInvocationHandler.java:82)
	at org.apache.hadoop.io.retry.RetryInvocationHandler.invoke(RetryInvocationHandler.java:59)
	at $Proxy5.delete(Unknown Source)
	at org.apache.hadoop.hdfs.DFSClient.delete(DFSClient.java:828)
	at org.apache.hadoop.hdfs.DistributedFileSystem.delete(DistributedFileSystem.java:234)
	at org.apache.hadoop.mapred.JobTracker.<init>(JobTracker.java:2410)
	at org.apache.hadoop.mapred.JobTracker.<init>(JobTracker.java:2192)
	at org.apache.hadoop.mapred.JobTracker.<init>(JobTracker.java:2186)
	at org.apache.hadoop.mapred.JobTracker.startTracker(JobTracker.java:300)
	at org.apache.hadoop.mapred.JobTracker.startTracker(JobTracker.java:291)
	at org.apache.hadoop.mapred.JobTracker.main(JobTracker.java:4978)
2012-07-11 20:25:01,139 INFO org.apache.hadoop.mapred.JobTracker: Cleaning up the system directory
2012-07-11 20:25:01,326 INFO org.apache.hadoop.mapred.JobTracker: History server being initialized in embedded mode
2012-07-11 20:25:01,331 INFO org.apache.hadoop.mapred.JobHistoryServer: Started job history server at: localhost:50030
2012-07-11 20:25:01,331 INFO org.apache.hadoop.mapred.JobTracker: Job History Server web address: localhost:50030
2012-07-11 20:25:01,333 INFO org.apache.hadoop.mapred.CompletedJobStatusStore: Completed job store is inactive
2012-07-11 20:25:01,514 INFO org.apache.hadoop.mapred.JobTracker: Refreshing hosts information
2012-07-11 20:25:01,546 INFO org.apache.hadoop.util.HostsFileReader: Setting the includes file to 
2012-07-11 20:25:01,546 INFO org.apache.hadoop.util.HostsFileReader: Setting the excludes file to 
2012-07-11 20:25:01,546 INFO org.apache.hadoop.util.HostsFileReader: Refreshing hosts (include/exclude) list
2012-07-11 20:25:01,546 INFO org.apache.hadoop.mapred.JobTracker: Decommissioning 0 nodes
2012-07-11 20:25:01,547 INFO org.apache.hadoop.ipc.Server: IPC Server Responder: starting
2012-07-11 20:25:01,548 INFO org.apache.hadoop.ipc.Server: IPC Server listener on 9998: starting
2012-07-11 20:25:01,550 INFO org.apache.hadoop.ipc.Server: IPC Server handler 0 on 9998: starting
2012-07-11 20:25:01,554 INFO org.apache.hadoop.ipc.Server: IPC Server handler 1 on 9998: starting
2012-07-11 20:25:01,554 INFO org.apache.hadoop.ipc.Server: IPC Server handler 2 on 9998: starting
2012-07-11 20:25:01,554 INFO org.apache.hadoop.ipc.Server: IPC Server handler 3 on 9998: starting
2012-07-11 20:25:01,555 INFO org.apache.hadoop.ipc.Server: IPC Server handler 4 on 9998: starting
2012-07-11 20:25:01,557 INFO org.apache.hadoop.ipc.Server: IPC Server handler 5 on 9998: starting
2012-07-11 20:25:01,558 INFO org.apache.hadoop.ipc.Server: IPC Server handler 6 on 9998: starting
2012-07-11 20:25:01,559 INFO org.apache.hadoop.ipc.Server: IPC Server handler 7 on 9998: starting
2012-07-11 20:25:01,559 INFO org.apache.hadoop.ipc.Server: IPC Server handler 8 on 9998: starting
2012-07-11 20:25:01,562 INFO org.apache.hadoop.mapred.JobTracker: Starting RUNNING
2012-07-11 20:25:01,562 INFO org.apache.hadoop.ipc.Server: IPC Server handler 9 on 9998: starting
2012-07-11 20:25:04,836 INFO org.apache.hadoop.net.NetworkTopology: Adding a new node: /default-rack/rescue02
2012-07-11 20:25:04,838 INFO org.apache.hadoop.mapred.JobTracker: Adding tracker tracker_rescue02:127.0.0.1/127.0.0.1:53522 to host rescue02
2012-07-11 20:25:04,840 INFO org.apache.hadoop.net.NetworkTopology: Adding a new node: /default-rack/rescue03
2012-07-11 20:25:04,841 INFO org.apache.hadoop.mapred.JobTracker: Adding tracker tracker_rescue03:127.0.0.1/127.0.0.1:39968 to host rescue03
2012-07-11 20:25:04,872 INFO org.apache.hadoop.net.NetworkTopology: Adding a new node: /default-rack/rescue04
2012-07-11 20:25:04,872 INFO org.apache.hadoop.mapred.JobTracker: Adding tracker tracker_rescue04:127.0.0.1/127.0.0.1:54807 to host rescue04
2012-07-11 20:26:47,932 INFO org.apache.hadoop.util.NativeCodeLoader: Loaded the native-hadoop library
2012-07-11 20:26:47,960 INFO org.apache.hadoop.mapred.JobInProgress: job_201207112024_0001: nMaps=2 nReduces=1 max=-1
2012-07-11 20:26:47,962 INFO org.apache.hadoop.mapred.JobTracker: Job job_201207112024_0001 added successfully for user 'rescue01' to queue 'default'
2012-07-11 20:26:47,963 INFO org.apache.hadoop.mapred.JobTracker: Initializing job_201207112024_0001
2012-07-11 20:26:47,963 INFO org.apache.hadoop.mapred.JobInProgress: Initializing job_201207112024_0001
2012-07-11 20:26:47,965 INFO org.apache.hadoop.mapred.AuditLogger: USER=rescue01	IP=192.168.1.11	OPERATION=SUBMIT_JOB	TARGET=job_201207112024_0001	RESULT=SUCCESS
2012-07-11 20:26:48,188 INFO org.apache.hadoop.mapred.JobInProgress: jobToken generated and stored with users keys in /opt/hadoop-datastore/hadoop-rescue01/mapred/system/job_201207112024_0001/jobToken
2012-07-11 20:26:48,219 INFO org.apache.hadoop.mapred.JobInProgress: Input size for job job_201207112024_0001 = 25. Number of splits = 2
2012-07-11 20:26:48,219 INFO org.apache.hadoop.mapred.JobInProgress: tip:task_201207112024_0001_m_000000 has split on node:/default-rack/rescue04
2012-07-11 20:26:48,219 INFO org.apache.hadoop.mapred.JobInProgress: tip:task_201207112024_0001_m_000000 has split on node:/default-rack/rescue02
2012-07-11 20:26:48,219 INFO org.apache.hadoop.mapred.JobInProgress: tip:task_201207112024_0001_m_000000 has split on node:/default-rack/rescue03
2012-07-11 20:26:48,219 INFO org.apache.hadoop.mapred.JobInProgress: tip:task_201207112024_0001_m_000001 has split on node:/default-rack/rescue03
2012-07-11 20:26:48,219 INFO org.apache.hadoop.mapred.JobInProgress: tip:task_201207112024_0001_m_000001 has split on node:/default-rack/rescue02
2012-07-11 20:26:48,219 INFO org.apache.hadoop.mapred.JobInProgress: tip:task_201207112024_0001_m_000001 has split on node:/default-rack/rescue04
2012-07-11 20:26:48,219 INFO org.apache.hadoop.mapred.JobInProgress: job_201207112024_0001 LOCALITY_WAIT_FACTOR=1.0
2012-07-11 20:26:48,220 INFO org.apache.hadoop.mapred.JobInProgress: Job job_201207112024_0001 initialized successfully with 2 map tasks and 1 reduce tasks.
2012-07-11 20:26:49,945 INFO org.apache.hadoop.mapred.JobTracker: Adding task (JOB_SETUP) 'attempt_201207112024_0001_m_000003_0' to tip task_201207112024_0001_m_000003, for tracker 'tracker_rescue02:127.0.0.1/127.0.0.1:53522'
2012-07-11 20:26:56,015 INFO org.apache.hadoop.mapred.JobInProgress: Task 'attempt_201207112024_0001_m_000003_0' has completed task_201207112024_0001_m_000003 successfully.
2012-07-11 20:26:56,021 INFO org.apache.hadoop.mapred.JobTracker: Adding task (MAP) 'attempt_201207112024_0001_m_000000_0' to tip task_201207112024_0001_m_000000, for tracker 'tracker_rescue02:127.0.0.1/127.0.0.1:53522'
2012-07-11 20:26:56,022 INFO org.apache.hadoop.mapred.JobInProgress: Choosing data-local task task_201207112024_0001_m_000000
2012-07-11 20:26:58,960 INFO org.apache.hadoop.mapred.JobTracker: Adding task (MAP) 'attempt_201207112024_0001_m_000001_0' to tip task_201207112024_0001_m_000001, for tracker 'tracker_rescue04:127.0.0.1/127.0.0.1:54807'
2012-07-11 20:26:58,961 INFO org.apache.hadoop.mapred.JobInProgress: Choosing data-local task task_201207112024_0001_m_000001
2012-07-11 20:27:02,034 INFO org.apache.hadoop.mapred.JobInProgress: Task 'attempt_201207112024_0001_m_000000_0' has completed task_201207112024_0001_m_000000 successfully.
2012-07-11 20:27:02,044 INFO org.apache.hadoop.mapred.JobTracker: Adding task (REDUCE) 'attempt_201207112024_0001_r_000000_0' to tip task_201207112024_0001_r_000000, for tracker 'tracker_rescue02:127.0.0.1/127.0.0.1:53522'
2012-07-11 20:27:04,991 INFO org.apache.hadoop.mapred.JobInProgress: Task 'attempt_201207112024_0001_m_000001_0' has completed task_201207112024_0001_m_000001 successfully.
2012-07-11 20:27:17,080 INFO org.apache.hadoop.mapred.JobInProgress: Task 'attempt_201207112024_0001_r_000000_0' has completed task_201207112024_0001_r_000000 successfully.
2012-07-11 20:27:17,087 INFO org.apache.hadoop.mapred.JobTracker: Adding task (JOB_CLEANUP) 'attempt_201207112024_0001_m_000002_0' to tip task_201207112024_0001_m_000002, for tracker 'tracker_rescue02:127.0.0.1/127.0.0.1:53522'
2012-07-11 20:27:23,094 INFO org.apache.hadoop.mapred.JobInProgress: Task 'attempt_201207112024_0001_m_000002_0' has completed task_201207112024_0001_m_000002 successfully.
2012-07-11 20:27:23,095 INFO org.apache.hadoop.mapred.JobInProgress: Job job_201207112024_0001 has completed successfully.
2012-07-11 20:27:23,099 INFO org.apache.hadoop.mapred.JobInProgress$JobSummary: jobId=job_201207112024_0001,submitTime=1342009607914,launchTime=1342009608219,firstMapTaskLaunchTime=1342009616020,firstReduceTaskLaunchTime=1342009622038,firstJobSetupTaskLaunchTime=1342009609927,firstJobCleanupTaskLaunchTime=1342009637087,finishTime=1342009643095,numMaps=2,numSlotsPerMap=1,numReduces=1,numSlotsPerReduce=1,user=rescue01,queue=default,status=SUCCEEDED,mapSlotSeconds=14,reduceSlotsSeconds=12,clusterMapCapacity=6,clusterReduceCapacity=6,jobName=word count
2012-07-11 20:27:23,144 INFO org.apache.hadoop.mapred.JobTracker: Removing task 'attempt_201207112024_0001_m_000000_0'
2012-07-11 20:27:23,144 INFO org.apache.hadoop.mapred.JobTracker: Removing task 'attempt_201207112024_0001_m_000002_0'
2012-07-11 20:27:23,144 INFO org.apache.hadoop.mapred.JobTracker: Removing task 'attempt_201207112024_0001_m_000003_0'
2012-07-11 20:27:23,144 INFO org.apache.hadoop.mapred.JobTracker: Removing task 'attempt_201207112024_0001_r_000000_0'
2012-07-11 20:27:23,152 INFO org.apache.hadoop.mapred.JobHistory: Creating DONE subfolder at file:/opt/hadoop/logs/history/done/version-1/rescue01_1342009460636_/2012/07/11/000000
2012-07-11 20:27:23,153 INFO org.apache.hadoop.mapred.JobHistory: Moving file:/opt/hadoop/logs/history/job_201207112024_0001_1342009607914_rescue01_word+count to file:/opt/hadoop/logs/history/done/version-1/rescue01_1342009460636_/2012/07/11/000000
2012-07-11 20:27:23,159 INFO org.apache.hadoop.mapred.JobHistory: Moving file:/opt/hadoop/logs/history/job_201207112024_0001_conf.xml to file:/opt/hadoop/logs/history/done/version-1/rescue01_1342009460636_/2012/07/11/000000
2012-07-11 20:27:26,008 INFO org.apache.hadoop.mapred.JobTracker: Removing task 'attempt_201207112024_0001_m_000001_0'
2012-07-11 21:25:17,253 INFO org.apache.hadoop.mapred.JobTracker: SHUTDOWN_MSG: 
/************************************************************
SHUTDOWN_MSG: Shutting down JobTracker at rescue01/192.168.1.11
************************************************************/
